{"C:\\desafio_profissional_bussola\\age-of-ultron-back-end-\\app.ts": {"path":"C:\\desafio_profissional_bussola\\age-of-ultron-back-end-\\app.ts","all":false,"statementMap":{"0":{"start":{"line":1,"column":0},"end":{"line":1,"column":29}},"1":{"start":{"line":2,"column":0},"end":{"line":2,"column":31}},"2":{"start":{"line":3,"column":0},"end":{"line":3,"column":44}},"3":{"start":{"line":4,"column":0},"end":{"line":4,"column":22}},"4":{"start":{"line":5,"column":0},"end":{"line":5,"column":24}},"5":{"start":{"line":6,"column":0},"end":{"line":6,"column":41}},"6":{"start":{"line":7,"column":0},"end":{"line":7,"column":0}},"7":{"start":{"line":8,"column":0},"end":{"line":8,"column":21}},"8":{"start":{"line":9,"column":0},"end":{"line":9,"column":22}},"9":{"start":{"line":10,"column":0},"end":{"line":10,"column":36}},"10":{"start":{"line":11,"column":0},"end":{"line":11,"column":1}},"11":{"start":{"line":12,"column":0},"end":{"line":12,"column":0}},"12":{"start":{"line":13,"column":0},"end":{"line":13,"column":11}},"13":{"start":{"line":14,"column":0},"end":{"line":14,"column":32}},"14":{"start":{"line":15,"column":0},"end":{"line":15,"column":0}},"15":{"start":{"line":16,"column":0},"end":{"line":16,"column":19}},"16":{"start":{"line":17,"column":0},"end":{"line":17,"column":32}},"17":{"start":{"line":18,"column":0},"end":{"line":18,"column":25}},"18":{"start":{"line":19,"column":0},"end":{"line":19,"column":23}},"19":{"start":{"line":20,"column":0},"end":{"line":20,"column":21}},"20":{"start":{"line":21,"column":0},"end":{"line":21,"column":5}},"21":{"start":{"line":22,"column":0},"end":{"line":22,"column":0}},"22":{"start":{"line":23,"column":0},"end":{"line":23,"column":32}},"23":{"start":{"line":24,"column":0},"end":{"line":24,"column":41}},"24":{"start":{"line":25,"column":0},"end":{"line":25,"column":44}},"25":{"start":{"line":26,"column":0},"end":{"line":26,"column":41}},"26":{"start":{"line":27,"column":0},"end":{"line":27,"column":5}},"27":{"start":{"line":28,"column":0},"end":{"line":28,"column":0}},"28":{"start":{"line":29,"column":0},"end":{"line":29,"column":30}},"29":{"start":{"line":30,"column":0},"end":{"line":30,"column":54}},"30":{"start":{"line":31,"column":0},"end":{"line":31,"column":25}},"31":{"start":{"line":32,"column":0},"end":{"line":32,"column":56}},"32":{"start":{"line":33,"column":0},"end":{"line":33,"column":14}},"33":{"start":{"line":34,"column":0},"end":{"line":34,"column":31}},"34":{"start":{"line":35,"column":0},"end":{"line":35,"column":75}},"35":{"start":{"line":36,"column":0},"end":{"line":36,"column":14}},"36":{"start":{"line":37,"column":0},"end":{"line":37,"column":5}},"37":{"start":{"line":38,"column":0},"end":{"line":38,"column":0}},"38":{"start":{"line":39,"column":0},"end":{"line":39,"column":28}},"39":{"start":{"line":40,"column":0},"end":{"line":40,"column":32}},"40":{"start":{"line":41,"column":0},"end":{"line":41,"column":5}},"41":{"start":{"line":42,"column":0},"end":{"line":42,"column":1}},"42":{"start":{"line":43,"column":0},"end":{"line":43,"column":0}},"43":{"start":{"line":44,"column":0},"end":{"line":44,"column":32}}},"s":{"0":1,"1":1,"2":1,"3":1,"4":1,"5":1,"6":1,"7":1,"8":1,"9":1,"10":1,"11":1,"12":1,"13":1,"14":1,"15":1,"16":3,"17":3,"18":3,"19":3,"20":3,"21":1,"22":1,"23":3,"24":3,"25":3,"26":3,"27":1,"28":1,"29":3,"30":3,"31":3,"32":3,"33":3,"34":0,"35":3,"36":3,"37":1,"38":1,"39":3,"40":3,"41":1,"42":1,"43":1},"branchMap":{"0":{"type":"branch","line":16,"loc":{"start":{"line":16,"column":4},"end":{"line":21,"column":5}},"locations":[{"start":{"line":16,"column":4},"end":{"line":21,"column":5}}]},"1":{"type":"branch","line":23,"loc":{"start":{"line":23,"column":12},"end":{"line":27,"column":5}},"locations":[{"start":{"line":23,"column":12},"end":{"line":27,"column":5}}]},"2":{"type":"branch","line":29,"loc":{"start":{"line":29,"column":18},"end":{"line":37,"column":5}},"locations":[{"start":{"line":29,"column":18},"end":{"line":37,"column":5}}]},"3":{"type":"branch","line":31,"loc":{"start":{"line":31,"column":18},"end":{"line":33,"column":13}},"locations":[{"start":{"line":31,"column":18},"end":{"line":33,"column":13}}]},"4":{"type":"branch","line":39,"loc":{"start":{"line":39,"column":12},"end":{"line":41,"column":5}},"locations":[{"start":{"line":39,"column":12},"end":{"line":41,"column":5}}]}},"b":{"0":[3],"1":[3],"2":[3],"3":[3],"4":[3]},"fnMap":{"0":{"name":"App","decl":{"start":{"line":16,"column":4},"end":{"line":21,"column":5}},"loc":{"start":{"line":16,"column":4},"end":{"line":21,"column":5}},"line":16},"1":{"name":"middleware","decl":{"start":{"line":23,"column":12},"end":{"line":27,"column":5}},"loc":{"start":{"line":23,"column":12},"end":{"line":27,"column":5}},"line":23},"2":{"name":"database","decl":{"start":{"line":29,"column":18},"end":{"line":37,"column":5}},"loc":{"start":{"line":29,"column":18},"end":{"line":37,"column":5}},"line":29},"3":{"name":"routes","decl":{"start":{"line":39,"column":12},"end":{"line":41,"column":5}},"loc":{"start":{"line":39,"column":12},"end":{"line":41,"column":5}},"line":39}},"f":{"0":3,"1":3,"2":3,"3":3}}
,"C:\\desafio_profissional_bussola\\age-of-ultron-back-end-\\src\\classes\\comic-full.class.ts": {"path":"C:\\desafio_profissional_bussola\\age-of-ultron-back-end-\\src\\classes\\comic-full.class.ts","all":false,"statementMap":{"0":{"start":{"line":1,"column":0},"end":{"line":1,"column":42}},"1":{"start":{"line":2,"column":0},"end":{"line":2,"column":0}},"2":{"start":{"line":3,"column":0},"end":{"line":3,"column":29}},"3":{"start":{"line":4,"column":0},"end":{"line":4,"column":21}},"4":{"start":{"line":5,"column":0},"end":{"line":5,"column":28}},"5":{"start":{"line":6,"column":0},"end":{"line":6,"column":0}},"6":{"start":{"line":7,"column":0},"end":{"line":7,"column":16}},"7":{"start":{"line":8,"column":0},"end":{"line":8,"column":26}},"8":{"start":{"line":9,"column":0},"end":{"line":9,"column":32}},"9":{"start":{"line":10,"column":0},"end":{"line":10,"column":7}},"10":{"start":{"line":11,"column":0},"end":{"line":11,"column":35}},"11":{"start":{"line":12,"column":0},"end":{"line":12,"column":27}},"12":{"start":{"line":13,"column":0},"end":{"line":13,"column":5}},"13":{"start":{"line":14,"column":0},"end":{"line":14,"column":1}}},"s":{"0":1,"1":1,"2":1,"3":1,"4":1,"5":1,"6":1,"7":32,"8":32,"9":32,"10":32,"11":32,"12":32,"13":1},"branchMap":{"0":{"type":"branch","line":7,"loc":{"start":{"line":7,"column":4},"end":{"line":13,"column":5}},"locations":[{"start":{"line":7,"column":4},"end":{"line":13,"column":5}}]}},"b":{"0":[32]},"fnMap":{"0":{"name":"ComicFullClass","decl":{"start":{"line":7,"column":4},"end":{"line":13,"column":5}},"loc":{"start":{"line":7,"column":4},"end":{"line":13,"column":5}},"line":7}},"f":{"0":32}}
,"C:\\desafio_profissional_bussola\\age-of-ultron-back-end-\\src\\classes\\comic.class.ts": {"path":"C:\\desafio_profissional_bussola\\age-of-ultron-back-end-\\src\\classes\\comic.class.ts","all":false,"statementMap":{"0":{"start":{"line":1,"column":0},"end":{"line":1,"column":25}},"1":{"start":{"line":2,"column":0},"end":{"line":2,"column":14}},"2":{"start":{"line":3,"column":0},"end":{"line":3,"column":16}},"3":{"start":{"line":4,"column":0},"end":{"line":4,"column":43}},"4":{"start":{"line":5,"column":0},"end":{"line":5,"column":20}},"5":{"start":{"line":6,"column":0},"end":{"line":6,"column":24}},"6":{"start":{"line":7,"column":0},"end":{"line":7,"column":5}},"7":{"start":{"line":8,"column":0},"end":{"line":8,"column":1}}},"s":{"0":1,"1":1,"2":1,"3":1,"4":602,"5":602,"6":602,"7":1},"branchMap":{"0":{"type":"branch","line":4,"loc":{"start":{"line":4,"column":4},"end":{"line":7,"column":5}},"locations":[{"start":{"line":4,"column":4},"end":{"line":7,"column":5}}]}},"b":{"0":[602]},"fnMap":{"0":{"name":"ComicClass","decl":{"start":{"line":4,"column":4},"end":{"line":7,"column":5}},"loc":{"start":{"line":4,"column":4},"end":{"line":7,"column":5}},"line":4}},"f":{"0":602}}
,"C:\\desafio_profissional_bussola\\age-of-ultron-back-end-\\src\\classes\\comics.class.ts": {"path":"C:\\desafio_profissional_bussola\\age-of-ultron-back-end-\\src\\classes\\comics.class.ts","all":false,"statementMap":{"0":{"start":{"line":1,"column":0},"end":{"line":1,"column":26}},"1":{"start":{"line":2,"column":0},"end":{"line":2,"column":14}},"2":{"start":{"line":3,"column":0},"end":{"line":3,"column":17}},"3":{"start":{"line":4,"column":0},"end":{"line":4,"column":23}},"4":{"start":{"line":5,"column":0},"end":{"line":5,"column":21}},"5":{"start":{"line":6,"column":0},"end":{"line":6,"column":21}},"6":{"start":{"line":7,"column":0},"end":{"line":7,"column":21}},"7":{"start":{"line":8,"column":0},"end":{"line":8,"column":0}},"8":{"start":{"line":9,"column":0},"end":{"line":9,"column":16}},"9":{"start":{"line":10,"column":0},"end":{"line":10,"column":19}},"10":{"start":{"line":11,"column":0},"end":{"line":11,"column":22}},"11":{"start":{"line":12,"column":0},"end":{"line":12,"column":28}},"12":{"start":{"line":13,"column":0},"end":{"line":13,"column":26}},"13":{"start":{"line":14,"column":0},"end":{"line":14,"column":26}},"14":{"start":{"line":15,"column":0},"end":{"line":15,"column":26}},"15":{"start":{"line":16,"column":0},"end":{"line":16,"column":7}},"16":{"start":{"line":17,"column":0},"end":{"line":17,"column":21}},"17":{"start":{"line":18,"column":0},"end":{"line":18,"column":27}},"18":{"start":{"line":19,"column":0},"end":{"line":19,"column":39}},"19":{"start":{"line":20,"column":0},"end":{"line":20,"column":39}},"20":{"start":{"line":21,"column":0},"end":{"line":21,"column":35}},"21":{"start":{"line":22,"column":0},"end":{"line":22,"column":34}},"22":{"start":{"line":23,"column":0},"end":{"line":23,"column":5}},"23":{"start":{"line":24,"column":0},"end":{"line":24,"column":1}}},"s":{"0":1,"1":1,"2":1,"3":1,"4":1,"5":1,"6":1,"7":1,"8":1,"9":22,"10":22,"11":22,"12":22,"13":22,"14":22,"15":22,"16":22,"17":22,"18":22,"19":22,"20":22,"21":22,"22":22,"23":1},"branchMap":{"0":{"type":"branch","line":9,"loc":{"start":{"line":9,"column":4},"end":{"line":23,"column":5}},"locations":[{"start":{"line":9,"column":4},"end":{"line":23,"column":5}}]}},"b":{"0":[22]},"fnMap":{"0":{"name":"ComicsClass","decl":{"start":{"line":9,"column":4},"end":{"line":23,"column":5}},"loc":{"start":{"line":9,"column":4},"end":{"line":23,"column":5}},"line":9}},"f":{"0":22}}
,"C:\\desafio_profissional_bussola\\age-of-ultron-back-end-\\src\\classes\\creator.class.ts": {"path":"C:\\desafio_profissional_bussola\\age-of-ultron-back-end-\\src\\classes\\creator.class.ts","all":false,"statementMap":{"0":{"start":{"line":1,"column":0},"end":{"line":1,"column":51}},"1":{"start":{"line":2,"column":0},"end":{"line":2,"column":42}},"2":{"start":{"line":3,"column":0},"end":{"line":3,"column":0}},"3":{"start":{"line":4,"column":0},"end":{"line":4,"column":27}},"4":{"start":{"line":5,"column":0},"end":{"line":5,"column":14}},"5":{"start":{"line":6,"column":0},"end":{"line":6,"column":20}},"6":{"start":{"line":7,"column":0},"end":{"line":7,"column":26}},"7":{"start":{"line":8,"column":0},"end":{"line":8,"column":18}},"8":{"start":{"line":9,"column":0},"end":{"line":9,"column":19}},"9":{"start":{"line":10,"column":0},"end":{"line":10,"column":18}},"10":{"start":{"line":11,"column":0},"end":{"line":11,"column":21}},"11":{"start":{"line":12,"column":0},"end":{"line":12,"column":0}},"12":{"start":{"line":13,"column":0},"end":{"line":13,"column":16}},"13":{"start":{"line":14,"column":0},"end":{"line":14,"column":19}},"14":{"start":{"line":15,"column":0},"end":{"line":15,"column":25}},"15":{"start":{"line":16,"column":0},"end":{"line":16,"column":23}},"16":{"start":{"line":17,"column":0},"end":{"line":17,"column":24}},"17":{"start":{"line":18,"column":0},"end":{"line":18,"column":23}},"18":{"start":{"line":19,"column":0},"end":{"line":19,"column":26}},"19":{"start":{"line":20,"column":0},"end":{"line":20,"column":30}},"20":{"start":{"line":21,"column":0},"end":{"line":21,"column":7}},"21":{"start":{"line":22,"column":0},"end":{"line":22,"column":21}},"22":{"start":{"line":23,"column":0},"end":{"line":23,"column":33}},"23":{"start":{"line":24,"column":0},"end":{"line":24,"column":29}},"24":{"start":{"line":25,"column":0},"end":{"line":25,"column":31}},"25":{"start":{"line":26,"column":0},"end":{"line":26,"column":29}},"26":{"start":{"line":27,"column":0},"end":{"line":27,"column":35}},"27":{"start":{"line":28,"column":0},"end":{"line":28,"column":29}},"28":{"start":{"line":29,"column":0},"end":{"line":29,"column":5}},"29":{"start":{"line":30,"column":0},"end":{"line":30,"column":1}}},"s":{"0":1,"1":1,"2":1,"3":1,"4":1,"5":1,"6":1,"7":1,"8":1,"9":1,"10":1,"11":1,"12":1,"13":32,"14":32,"15":32,"16":32,"17":32,"18":32,"19":32,"20":32,"21":32,"22":32,"23":32,"24":32,"25":32,"26":32,"27":32,"28":32,"29":1},"branchMap":{"0":{"type":"branch","line":13,"loc":{"start":{"line":13,"column":4},"end":{"line":29,"column":5}},"locations":[{"start":{"line":13,"column":4},"end":{"line":29,"column":5}}]}},"b":{"0":[32]},"fnMap":{"0":{"name":"CreatorClass","decl":{"start":{"line":13,"column":4},"end":{"line":29,"column":5}},"loc":{"start":{"line":13,"column":4},"end":{"line":29,"column":5}},"line":13}},"f":{"0":32}}
,"C:\\desafio_profissional_bussola\\age-of-ultron-back-end-\\src\\controllers\\character.controller.ts": {"path":"C:\\desafio_profissional_bussola\\age-of-ultron-back-end-\\src\\controllers\\character.controller.ts","all":false,"statementMap":{"0":{"start":{"line":1,"column":0},"end":{"line":1,"column":44}},"1":{"start":{"line":2,"column":0},"end":{"line":2,"column":60}},"2":{"start":{"line":3,"column":0},"end":{"line":3,"column":0}},"3":{"start":{"line":4,"column":0},"end":{"line":4,"column":23}},"4":{"start":{"line":5,"column":0},"end":{"line":5,"column":47}},"5":{"start":{"line":6,"column":0},"end":{"line":6,"column":76}},"6":{"start":{"line":7,"column":0},"end":{"line":7,"column":67}},"7":{"start":{"line":8,"column":0},"end":{"line":8,"column":5}},"8":{"start":{"line":9,"column":0},"end":{"line":9,"column":0}},"9":{"start":{"line":10,"column":0},"end":{"line":10,"column":57}},"10":{"start":{"line":11,"column":0},"end":{"line":11,"column":85}},"11":{"start":{"line":12,"column":0},"end":{"line":12,"column":66}},"12":{"start":{"line":13,"column":0},"end":{"line":13,"column":5}},"13":{"start":{"line":14,"column":0},"end":{"line":14,"column":0}},"14":{"start":{"line":15,"column":0},"end":{"line":15,"column":57}},"15":{"start":{"line":16,"column":0},"end":{"line":16,"column":64}},"16":{"start":{"line":17,"column":0},"end":{"line":17,"column":66}},"17":{"start":{"line":18,"column":0},"end":{"line":18,"column":5}},"18":{"start":{"line":19,"column":0},"end":{"line":19,"column":0}},"19":{"start":{"line":20,"column":0},"end":{"line":20,"column":53}},"20":{"start":{"line":21,"column":0},"end":{"line":21,"column":69}},"21":{"start":{"line":22,"column":0},"end":{"line":22,"column":66}},"22":{"start":{"line":23,"column":0},"end":{"line":23,"column":5}},"23":{"start":{"line":24,"column":0},"end":{"line":24,"column":0}},"24":{"start":{"line":25,"column":0},"end":{"line":25,"column":54}},"25":{"start":{"line":26,"column":0},"end":{"line":26,"column":85}},"26":{"start":{"line":27,"column":0},"end":{"line":27,"column":66}},"27":{"start":{"line":28,"column":0},"end":{"line":28,"column":5}},"28":{"start":{"line":29,"column":0},"end":{"line":29,"column":0}},"29":{"start":{"line":30,"column":0},"end":{"line":30,"column":55}},"30":{"start":{"line":31,"column":0},"end":{"line":31,"column":86}},"31":{"start":{"line":32,"column":0},"end":{"line":32,"column":66}},"32":{"start":{"line":33,"column":0},"end":{"line":33,"column":5}},"33":{"start":{"line":34,"column":0},"end":{"line":34,"column":0}},"34":{"start":{"line":35,"column":0},"end":{"line":35,"column":53}},"35":{"start":{"line":36,"column":0},"end":{"line":36,"column":69}},"36":{"start":{"line":37,"column":0},"end":{"line":37,"column":66}},"37":{"start":{"line":38,"column":0},"end":{"line":38,"column":5}},"38":{"start":{"line":39,"column":0},"end":{"line":39,"column":0}},"39":{"start":{"line":40,"column":0},"end":{"line":40,"column":53}},"40":{"start":{"line":41,"column":0},"end":{"line":41,"column":69}},"41":{"start":{"line":42,"column":0},"end":{"line":42,"column":66}},"42":{"start":{"line":43,"column":0},"end":{"line":43,"column":5}},"43":{"start":{"line":44,"column":0},"end":{"line":44,"column":4}},"44":{"start":{"line":45,"column":0},"end":{"line":45,"column":53}},"45":{"start":{"line":46,"column":0},"end":{"line":46,"column":69}},"46":{"start":{"line":47,"column":0},"end":{"line":47,"column":66}},"47":{"start":{"line":48,"column":0},"end":{"line":48,"column":5}},"48":{"start":{"line":49,"column":0},"end":{"line":49,"column":1}},"49":{"start":{"line":50,"column":0},"end":{"line":50,"column":0}},"50":{"start":{"line":51,"column":0},"end":{"line":51,"column":37}}},"s":{"0":1,"1":1,"2":1,"3":1,"4":1,"5":1,"6":1,"7":1,"8":1,"9":1,"10":2,"11":2,"12":2,"13":1,"14":1,"15":1,"16":1,"17":1,"18":1,"19":1,"20":2,"21":2,"22":2,"23":1,"24":1,"25":2,"26":2,"27":2,"28":1,"29":1,"30":1,"31":1,"32":1,"33":1,"34":1,"35":1,"36":1,"37":1,"38":1,"39":1,"40":1,"41":1,"42":1,"43":1,"44":1,"45":1,"46":1,"47":1,"48":1,"49":1,"50":1},"branchMap":{"0":{"type":"branch","line":5,"loc":{"start":{"line":5,"column":10},"end":{"line":8,"column":5}},"locations":[{"start":{"line":5,"column":10},"end":{"line":8,"column":5}}]},"1":{"type":"branch","line":10,"loc":{"start":{"line":10,"column":10},"end":{"line":13,"column":5}},"locations":[{"start":{"line":10,"column":10},"end":{"line":13,"column":5}}]},"2":{"type":"branch","line":15,"loc":{"start":{"line":15,"column":10},"end":{"line":18,"column":5}},"locations":[{"start":{"line":15,"column":10},"end":{"line":18,"column":5}}]},"3":{"type":"branch","line":20,"loc":{"start":{"line":20,"column":10},"end":{"line":23,"column":5}},"locations":[{"start":{"line":20,"column":10},"end":{"line":23,"column":5}}]},"4":{"type":"branch","line":25,"loc":{"start":{"line":25,"column":10},"end":{"line":28,"column":5}},"locations":[{"start":{"line":25,"column":10},"end":{"line":28,"column":5}}]},"5":{"type":"branch","line":30,"loc":{"start":{"line":30,"column":10},"end":{"line":33,"column":5}},"locations":[{"start":{"line":30,"column":10},"end":{"line":33,"column":5}}]},"6":{"type":"branch","line":35,"loc":{"start":{"line":35,"column":10},"end":{"line":38,"column":5}},"locations":[{"start":{"line":35,"column":10},"end":{"line":38,"column":5}}]},"7":{"type":"branch","line":40,"loc":{"start":{"line":40,"column":10},"end":{"line":43,"column":5}},"locations":[{"start":{"line":40,"column":10},"end":{"line":43,"column":5}}]},"8":{"type":"branch","line":45,"loc":{"start":{"line":45,"column":10},"end":{"line":48,"column":5}},"locations":[{"start":{"line":45,"column":10},"end":{"line":48,"column":5}}]}},"b":{"0":[1],"1":[2],"2":[1],"3":[2],"4":[2],"5":[1],"6":[1],"7":[1],"8":[1]},"fnMap":{"0":{"name":"create","decl":{"start":{"line":5,"column":10},"end":{"line":8,"column":5}},"loc":{"start":{"line":5,"column":10},"end":{"line":8,"column":5}},"line":5},"1":{"name":"getCharacterById","decl":{"start":{"line":10,"column":10},"end":{"line":13,"column":5}},"loc":{"start":{"line":10,"column":10},"end":{"line":13,"column":5}},"line":10},"2":{"name":"getAllCharacters","decl":{"start":{"line":15,"column":10},"end":{"line":18,"column":5}},"loc":{"start":{"line":15,"column":10},"end":{"line":18,"column":5}},"line":15},"3":{"name":"postCharacter","decl":{"start":{"line":20,"column":10},"end":{"line":23,"column":5}},"loc":{"start":{"line":20,"column":10},"end":{"line":23,"column":5}},"line":20},"4":{"name":"patchCharacter","decl":{"start":{"line":25,"column":10},"end":{"line":28,"column":5}},"loc":{"start":{"line":25,"column":10},"end":{"line":28,"column":5}},"line":25},"5":{"name":"deleteCharacter","decl":{"start":{"line":30,"column":10},"end":{"line":33,"column":5}},"loc":{"start":{"line":30,"column":10},"end":{"line":33,"column":5}},"line":30},"6":{"name":"getMostComics","decl":{"start":{"line":35,"column":10},"end":{"line":38,"column":5}},"loc":{"start":{"line":35,"column":10},"end":{"line":38,"column":5}},"line":35},"7":{"name":"getMostEvents","decl":{"start":{"line":40,"column":10},"end":{"line":43,"column":5}},"loc":{"start":{"line":40,"column":10},"end":{"line":43,"column":5}},"line":40},"8":{"name":"getMostSeries","decl":{"start":{"line":45,"column":10},"end":{"line":48,"column":5}},"loc":{"start":{"line":45,"column":10},"end":{"line":48,"column":5}},"line":45}},"f":{"0":1,"1":2,"2":1,"3":2,"4":2,"5":1,"6":1,"7":1,"8":1}}
,"C:\\desafio_profissional_bussola\\age-of-ultron-back-end-\\src\\controllers\\comic.controller.ts": {"path":"C:\\desafio_profissional_bussola\\age-of-ultron-back-end-\\src\\controllers\\comic.controller.ts","all":false,"statementMap":{"0":{"start":{"line":1,"column":0},"end":{"line":1,"column":44}},"1":{"start":{"line":2,"column":0},"end":{"line":2,"column":53}},"2":{"start":{"line":3,"column":0},"end":{"line":3,"column":0}},"3":{"start":{"line":4,"column":0},"end":{"line":4,"column":23}},"4":{"start":{"line":5,"column":0},"end":{"line":5,"column":54}},"5":{"start":{"line":6,"column":0},"end":{"line":6,"column":42}},"6":{"start":{"line":7,"column":0},"end":{"line":7,"column":39}},"7":{"start":{"line":8,"column":0},"end":{"line":8,"column":42}},"8":{"start":{"line":9,"column":0},"end":{"line":9,"column":9}},"9":{"start":{"line":10,"column":0},"end":{"line":10,"column":75}},"10":{"start":{"line":11,"column":0},"end":{"line":11,"column":67}},"11":{"start":{"line":12,"column":0},"end":{"line":12,"column":5}},"12":{"start":{"line":13,"column":0},"end":{"line":13,"column":0}},"13":{"start":{"line":14,"column":0},"end":{"line":14,"column":47}},"14":{"start":{"line":15,"column":0},"end":{"line":15,"column":59}},"15":{"start":{"line":16,"column":0},"end":{"line":16,"column":67}},"16":{"start":{"line":17,"column":0},"end":{"line":17,"column":5}},"17":{"start":{"line":18,"column":0},"end":{"line":18,"column":0}},"18":{"start":{"line":19,"column":0},"end":{"line":19,"column":54}},"19":{"start":{"line":20,"column":0},"end":{"line":20,"column":33}},"20":{"start":{"line":21,"column":0},"end":{"line":21,"column":71}},"21":{"start":{"line":22,"column":0},"end":{"line":22,"column":67}},"22":{"start":{"line":23,"column":0},"end":{"line":23,"column":5}},"23":{"start":{"line":24,"column":0},"end":{"line":24,"column":0}},"24":{"start":{"line":25,"column":0},"end":{"line":25,"column":56}},"25":{"start":{"line":26,"column":0},"end":{"line":26,"column":68}},"26":{"start":{"line":27,"column":0},"end":{"line":27,"column":67}},"27":{"start":{"line":28,"column":0},"end":{"line":28,"column":5}},"28":{"start":{"line":29,"column":0},"end":{"line":29,"column":0}},"29":{"start":{"line":30,"column":0},"end":{"line":30,"column":52}},"30":{"start":{"line":31,"column":0},"end":{"line":31,"column":67}},"31":{"start":{"line":32,"column":0},"end":{"line":32,"column":67}},"32":{"start":{"line":33,"column":0},"end":{"line":33,"column":5}},"33":{"start":{"line":34,"column":0},"end":{"line":34,"column":0}},"34":{"start":{"line":35,"column":0},"end":{"line":35,"column":0}},"35":{"start":{"line":36,"column":0},"end":{"line":36,"column":60}},"36":{"start":{"line":37,"column":0},"end":{"line":37,"column":64}},"37":{"start":{"line":38,"column":0},"end":{"line":38,"column":67}},"38":{"start":{"line":39,"column":0},"end":{"line":39,"column":5}},"39":{"start":{"line":40,"column":0},"end":{"line":40,"column":0}},"40":{"start":{"line":41,"column":0},"end":{"line":41,"column":69}},"41":{"start":{"line":42,"column":0},"end":{"line":42,"column":73}},"42":{"start":{"line":43,"column":0},"end":{"line":43,"column":67}},"43":{"start":{"line":44,"column":0},"end":{"line":44,"column":5}},"44":{"start":{"line":45,"column":0},"end":{"line":45,"column":1}},"45":{"start":{"line":46,"column":0},"end":{"line":46,"column":0}},"46":{"start":{"line":47,"column":0},"end":{"line":47,"column":37}}},"s":{"0":1,"1":1,"2":1,"3":1,"4":1,"5":1,"6":1,"7":0,"8":0,"9":1,"10":1,"11":1,"12":1,"13":1,"14":4,"15":4,"16":4,"17":1,"18":1,"19":6,"20":6,"21":6,"22":6,"23":1,"24":1,"25":1,"26":1,"27":1,"28":1,"29":1,"30":4,"31":4,"32":4,"33":1,"34":1,"35":1,"36":2,"37":2,"38":2,"39":1,"40":1,"41":1,"42":1,"43":1,"44":1,"45":1,"46":1},"branchMap":{"0":{"type":"branch","line":5,"loc":{"start":{"line":5,"column":10},"end":{"line":12,"column":5}},"locations":[{"start":{"line":5,"column":10},"end":{"line":12,"column":5}}]},"1":{"type":"branch","line":7,"loc":{"start":{"line":7,"column":38},"end":{"line":9,"column":9}},"locations":[{"start":{"line":7,"column":38},"end":{"line":9,"column":9}}]},"2":{"type":"branch","line":14,"loc":{"start":{"line":14,"column":10},"end":{"line":17,"column":5}},"locations":[{"start":{"line":14,"column":10},"end":{"line":17,"column":5}}]},"3":{"type":"branch","line":19,"loc":{"start":{"line":19,"column":10},"end":{"line":23,"column":5}},"locations":[{"start":{"line":19,"column":10},"end":{"line":23,"column":5}}]},"4":{"type":"branch","line":25,"loc":{"start":{"line":25,"column":10},"end":{"line":28,"column":5}},"locations":[{"start":{"line":25,"column":10},"end":{"line":28,"column":5}}]},"5":{"type":"branch","line":30,"loc":{"start":{"line":30,"column":10},"end":{"line":33,"column":5}},"locations":[{"start":{"line":30,"column":10},"end":{"line":33,"column":5}}]},"6":{"type":"branch","line":36,"loc":{"start":{"line":36,"column":10},"end":{"line":39,"column":5}},"locations":[{"start":{"line":36,"column":10},"end":{"line":39,"column":5}}]},"7":{"type":"branch","line":41,"loc":{"start":{"line":41,"column":10},"end":{"line":44,"column":5}},"locations":[{"start":{"line":41,"column":10},"end":{"line":44,"column":5}}]}},"b":{"0":[1],"1":[0],"2":[4],"3":[6],"4":[1],"5":[4],"6":[2],"7":[1]},"fnMap":{"0":{"name":"createFromApi","decl":{"start":{"line":5,"column":10},"end":{"line":12,"column":5}},"loc":{"start":{"line":5,"column":10},"end":{"line":12,"column":5}},"line":5},"1":{"name":"create","decl":{"start":{"line":14,"column":10},"end":{"line":17,"column":5}},"loc":{"start":{"line":14,"column":10},"end":{"line":17,"column":5}},"line":14},"2":{"name":"getComicByIds","decl":{"start":{"line":19,"column":10},"end":{"line":23,"column":5}},"loc":{"start":{"line":19,"column":10},"end":{"line":23,"column":5}},"line":19},"3":{"name":"updateComicById","decl":{"start":{"line":25,"column":10},"end":{"line":28,"column":5}},"loc":{"start":{"line":25,"column":10},"end":{"line":28,"column":5}},"line":25},"4":{"name":"deleteComic","decl":{"start":{"line":30,"column":10},"end":{"line":33,"column":5}},"loc":{"start":{"line":30,"column":10},"end":{"line":33,"column":5}},"line":30},"5":{"name":"getNameOffAllComics","decl":{"start":{"line":36,"column":10},"end":{"line":39,"column":5}},"loc":{"start":{"line":36,"column":10},"end":{"line":39,"column":5}},"line":36},"6":{"name":"getComicHighestNumberOfPages","decl":{"start":{"line":41,"column":10},"end":{"line":44,"column":5}},"loc":{"start":{"line":41,"column":10},"end":{"line":44,"column":5}},"line":41}},"f":{"0":1,"1":4,"2":6,"3":1,"4":4,"5":2,"6":1}}
,"C:\\desafio_profissional_bussola\\age-of-ultron-back-end-\\src\\controllers\\creator.controller.ts": {"path":"C:\\desafio_profissional_bussola\\age-of-ultron-back-end-\\src\\controllers\\creator.controller.ts","all":false,"statementMap":{"0":{"start":{"line":1,"column":0},"end":{"line":1,"column":54}},"1":{"start":{"line":2,"column":0},"end":{"line":2,"column":57}},"2":{"start":{"line":3,"column":0},"end":{"line":3,"column":0}},"3":{"start":{"line":4,"column":0},"end":{"line":4,"column":25}},"4":{"start":{"line":5,"column":0},"end":{"line":5,"column":54}},"5":{"start":{"line":6,"column":0},"end":{"line":6,"column":44}},"6":{"start":{"line":7,"column":0},"end":{"line":7,"column":41}},"7":{"start":{"line":8,"column":0},"end":{"line":8,"column":42}},"8":{"start":{"line":9,"column":0},"end":{"line":9,"column":9}},"9":{"start":{"line":10,"column":0},"end":{"line":10,"column":78}},"10":{"start":{"line":11,"column":0},"end":{"line":11,"column":67}},"11":{"start":{"line":12,"column":0},"end":{"line":12,"column":5}},"12":{"start":{"line":13,"column":0},"end":{"line":13,"column":0}},"13":{"start":{"line":14,"column":0},"end":{"line":14,"column":47}},"14":{"start":{"line":15,"column":0},"end":{"line":15,"column":61}},"15":{"start":{"line":16,"column":0},"end":{"line":16,"column":67}},"16":{"start":{"line":17,"column":0},"end":{"line":17,"column":5}},"17":{"start":{"line":18,"column":0},"end":{"line":18,"column":0}},"18":{"start":{"line":19,"column":0},"end":{"line":19,"column":47}},"19":{"start":{"line":20,"column":0},"end":{"line":20,"column":71}},"20":{"start":{"line":21,"column":0},"end":{"line":21,"column":67}},"21":{"start":{"line":22,"column":0},"end":{"line":22,"column":5}},"22":{"start":{"line":23,"column":0},"end":{"line":23,"column":0}},"23":{"start":{"line":24,"column":0},"end":{"line":24,"column":47}},"24":{"start":{"line":25,"column":0},"end":{"line":25,"column":68}},"25":{"start":{"line":26,"column":0},"end":{"line":26,"column":67}},"26":{"start":{"line":27,"column":0},"end":{"line":27,"column":5}},"27":{"start":{"line":28,"column":0},"end":{"line":28,"column":0}},"28":{"start":{"line":29,"column":0},"end":{"line":29,"column":56}},"29":{"start":{"line":30,"column":0},"end":{"line":30,"column":33}},"30":{"start":{"line":31,"column":0},"end":{"line":31,"column":64}},"31":{"start":{"line":32,"column":0},"end":{"line":32,"column":67}},"32":{"start":{"line":33,"column":0},"end":{"line":33,"column":5}},"33":{"start":{"line":34,"column":0},"end":{"line":34,"column":0}},"34":{"start":{"line":35,"column":0},"end":{"line":35,"column":55}},"35":{"start":{"line":36,"column":0},"end":{"line":36,"column":61}},"36":{"start":{"line":37,"column":0},"end":{"line":37,"column":67}},"37":{"start":{"line":38,"column":0},"end":{"line":38,"column":5}},"38":{"start":{"line":39,"column":0},"end":{"line":39,"column":0}},"39":{"start":{"line":40,"column":0},"end":{"line":40,"column":71}},"40":{"start":{"line":41,"column":0},"end":{"line":41,"column":77}},"41":{"start":{"line":42,"column":0},"end":{"line":42,"column":67}},"42":{"start":{"line":43,"column":0},"end":{"line":43,"column":5}},"43":{"start":{"line":44,"column":0},"end":{"line":44,"column":0}},"44":{"start":{"line":45,"column":0},"end":{"line":45,"column":1}},"45":{"start":{"line":46,"column":0},"end":{"line":46,"column":0}},"46":{"start":{"line":47,"column":0},"end":{"line":47,"column":39}}},"s":{"0":1,"1":1,"2":1,"3":1,"4":1,"5":1,"6":1,"7":0,"8":0,"9":1,"10":1,"11":1,"12":1,"13":1,"14":4,"15":4,"16":4,"17":1,"18":1,"19":4,"20":4,"21":4,"22":1,"23":1,"24":1,"25":1,"26":1,"27":1,"28":1,"29":6,"30":6,"31":6,"32":6,"33":1,"34":1,"35":1,"36":1,"37":1,"38":1,"39":1,"40":1,"41":1,"42":1,"43":1,"44":1,"45":1,"46":1},"branchMap":{"0":{"type":"branch","line":5,"loc":{"start":{"line":5,"column":10},"end":{"line":12,"column":5}},"locations":[{"start":{"line":5,"column":10},"end":{"line":12,"column":5}}]},"1":{"type":"branch","line":7,"loc":{"start":{"line":7,"column":40},"end":{"line":9,"column":9}},"locations":[{"start":{"line":7,"column":40},"end":{"line":9,"column":9}}]},"2":{"type":"branch","line":14,"loc":{"start":{"line":14,"column":10},"end":{"line":17,"column":5}},"locations":[{"start":{"line":14,"column":10},"end":{"line":17,"column":5}}]},"3":{"type":"branch","line":19,"loc":{"start":{"line":19,"column":10},"end":{"line":22,"column":5}},"locations":[{"start":{"line":19,"column":10},"end":{"line":22,"column":5}}]},"4":{"type":"branch","line":24,"loc":{"start":{"line":24,"column":10},"end":{"line":27,"column":5}},"locations":[{"start":{"line":24,"column":10},"end":{"line":27,"column":5}}]},"5":{"type":"branch","line":29,"loc":{"start":{"line":29,"column":10},"end":{"line":33,"column":5}},"locations":[{"start":{"line":29,"column":10},"end":{"line":33,"column":5}}]},"6":{"type":"branch","line":35,"loc":{"start":{"line":35,"column":10},"end":{"line":38,"column":5}},"locations":[{"start":{"line":35,"column":10},"end":{"line":38,"column":5}}]},"7":{"type":"branch","line":40,"loc":{"start":{"line":40,"column":10},"end":{"line":43,"column":5}},"locations":[{"start":{"line":40,"column":10},"end":{"line":43,"column":5}}]}},"b":{"0":[1],"1":[0],"2":[4],"3":[4],"4":[1],"5":[6],"6":[1],"7":[1]},"fnMap":{"0":{"name":"createFromApi","decl":{"start":{"line":5,"column":10},"end":{"line":12,"column":5}},"loc":{"start":{"line":5,"column":10},"end":{"line":12,"column":5}},"line":5},"1":{"name":"create","decl":{"start":{"line":14,"column":10},"end":{"line":17,"column":5}},"loc":{"start":{"line":14,"column":10},"end":{"line":17,"column":5}},"line":14},"2":{"name":"delete","decl":{"start":{"line":19,"column":10},"end":{"line":22,"column":5}},"loc":{"start":{"line":19,"column":10},"end":{"line":22,"column":5}},"line":19},"3":{"name":"update","decl":{"start":{"line":24,"column":10},"end":{"line":27,"column":5}},"loc":{"start":{"line":24,"column":10},"end":{"line":27,"column":5}},"line":24},"4":{"name":"getCreatorByIds","decl":{"start":{"line":29,"column":10},"end":{"line":33,"column":5}},"loc":{"start":{"line":29,"column":10},"end":{"line":33,"column":5}},"line":29},"5":{"name":"getAllCreators","decl":{"start":{"line":35,"column":10},"end":{"line":38,"column":5}},"loc":{"start":{"line":35,"column":10},"end":{"line":38,"column":5}},"line":35},"6":{"name":"getCreatorWithTheMostCreations","decl":{"start":{"line":40,"column":10},"end":{"line":43,"column":5}},"loc":{"start":{"line":40,"column":10},"end":{"line":43,"column":5}},"line":40}},"f":{"0":1,"1":4,"2":4,"3":1,"4":6,"5":1,"6":1}}
,"C:\\desafio_profissional_bussola\\age-of-ultron-back-end-\\src\\enums\\collections.enum.ts": {"path":"C:\\desafio_profissional_bussola\\age-of-ultron-back-end-\\src\\enums\\collections.enum.ts","all":false,"statementMap":{"0":{"start":{"line":1,"column":0},"end":{"line":1,"column":25}},"1":{"start":{"line":2,"column":0},"end":{"line":2,"column":27}},"2":{"start":{"line":3,"column":0},"end":{"line":3,"column":27}},"3":{"start":{"line":4,"column":0},"end":{"line":4,"column":31}},"4":{"start":{"line":5,"column":0},"end":{"line":5,"column":27}},"5":{"start":{"line":6,"column":0},"end":{"line":6,"column":30}},"6":{"start":{"line":7,"column":0},"end":{"line":7,"column":36}},"7":{"start":{"line":8,"column":0},"end":{"line":8,"column":1}}},"s":{"0":5,"1":5,"2":5,"3":5,"4":5,"5":5,"6":5,"7":5},"branchMap":{"0":{"type":"branch","line":1,"loc":{"start":{"line":1,"column":0},"end":{"line":8,"column":1}},"locations":[{"start":{"line":1,"column":0},"end":{"line":8,"column":1}}]}},"b":{"0":[5]},"fnMap":{},"f":{}}
,"C:\\desafio_profissional_bussola\\age-of-ultron-back-end-\\src\\enums\\errors.enum.ts": {"path":"C:\\desafio_profissional_bussola\\age-of-ultron-back-end-\\src\\enums\\errors.enum.ts","all":false,"statementMap":{"0":{"start":{"line":1,"column":0},"end":{"line":1,"column":20}},"1":{"start":{"line":2,"column":0},"end":{"line":2,"column":52}},"2":{"start":{"line":3,"column":0},"end":{"line":3,"column":76}},"3":{"start":{"line":4,"column":0},"end":{"line":4,"column":44}},"4":{"start":{"line":5,"column":0},"end":{"line":5,"column":50}},"5":{"start":{"line":6,"column":0},"end":{"line":6,"column":67}},"6":{"start":{"line":7,"column":0},"end":{"line":7,"column":74}},"7":{"start":{"line":8,"column":0},"end":{"line":8,"column":0}},"8":{"start":{"line":9,"column":0},"end":{"line":9,"column":50}},"9":{"start":{"line":10,"column":0},"end":{"line":10,"column":0}},"10":{"start":{"line":11,"column":0},"end":{"line":11,"column":47}},"11":{"start":{"line":12,"column":0},"end":{"line":12,"column":54}},"12":{"start":{"line":13,"column":0},"end":{"line":13,"column":66}},"13":{"start":{"line":14,"column":0},"end":{"line":14,"column":58}},"14":{"start":{"line":15,"column":0},"end":{"line":15,"column":52}},"15":{"start":{"line":16,"column":0},"end":{"line":16,"column":0}},"16":{"start":{"line":17,"column":0},"end":{"line":17,"column":84}},"17":{"start":{"line":18,"column":0},"end":{"line":18,"column":40}},"18":{"start":{"line":19,"column":0},"end":{"line":19,"column":52}},"19":{"start":{"line":20,"column":0},"end":{"line":20,"column":64}},"20":{"start":{"line":21,"column":0},"end":{"line":21,"column":62}},"21":{"start":{"line":22,"column":0},"end":{"line":22,"column":0}},"22":{"start":{"line":23,"column":0},"end":{"line":23,"column":88}},"23":{"start":{"line":24,"column":0},"end":{"line":24,"column":66}},"24":{"start":{"line":25,"column":0},"end":{"line":25,"column":44}},"25":{"start":{"line":26,"column":0},"end":{"line":26,"column":50}},"26":{"start":{"line":27,"column":0},"end":{"line":27,"column":55}},"27":{"start":{"line":28,"column":0},"end":{"line":28,"column":54}},"28":{"start":{"line":29,"column":0},"end":{"line":29,"column":46}},"29":{"start":{"line":30,"column":0},"end":{"line":30,"column":0}},"30":{"start":{"line":31,"column":0},"end":{"line":31,"column":1}}},"s":{"0":5,"1":5,"2":5,"3":5,"4":5,"5":5,"6":5,"7":5,"8":5,"9":5,"10":5,"11":5,"12":5,"13":5,"14":5,"15":5,"16":5,"17":5,"18":5,"19":5,"20":5,"21":5,"22":5,"23":5,"24":5,"25":5,"26":5,"27":5,"28":5,"29":5,"30":5},"branchMap":{"0":{"type":"branch","line":1,"loc":{"start":{"line":1,"column":0},"end":{"line":31,"column":1}},"locations":[{"start":{"line":1,"column":0},"end":{"line":31,"column":1}}]}},"b":{"0":[5]},"fnMap":{},"f":{}}
,"C:\\desafio_profissional_bussola\\age-of-ultron-back-end-\\src\\enums\\http-status.enum.ts": {"path":"C:\\desafio_profissional_bussola\\age-of-ultron-back-end-\\src\\enums\\http-status.enum.ts","all":false,"statementMap":{"0":{"start":{"line":1,"column":0},"end":{"line":1,"column":24}},"1":{"start":{"line":2,"column":0},"end":{"line":2,"column":19}},"2":{"start":{"line":3,"column":0},"end":{"line":3,"column":30}},"3":{"start":{"line":4,"column":0},"end":{"line":4,"column":21}},"4":{"start":{"line":5,"column":0},"end":{"line":5,"column":21}},"5":{"start":{"line":6,"column":0},"end":{"line":6,"column":13}},"6":{"start":{"line":7,"column":0},"end":{"line":7,"column":18}},"7":{"start":{"line":8,"column":0},"end":{"line":8,"column":19}},"8":{"start":{"line":9,"column":0},"end":{"line":9,"column":40}},"9":{"start":{"line":10,"column":0},"end":{"line":10,"column":21}},"10":{"start":{"line":11,"column":0},"end":{"line":11,"column":24}},"11":{"start":{"line":12,"column":0},"end":{"line":12,"column":26}},"12":{"start":{"line":13,"column":0},"end":{"line":13,"column":20}},"13":{"start":{"line":14,"column":0},"end":{"line":14,"column":28}},"14":{"start":{"line":15,"column":0},"end":{"line":15,"column":16}},"15":{"start":{"line":16,"column":0},"end":{"line":16,"column":20}},"16":{"start":{"line":17,"column":0},"end":{"line":17,"column":23}},"17":{"start":{"line":18,"column":0},"end":{"line":18,"column":29}},"18":{"start":{"line":19,"column":0},"end":{"line":19,"column":29}},"19":{"start":{"line":20,"column":0},"end":{"line":20,"column":22}},"20":{"start":{"line":21,"column":0},"end":{"line":21,"column":23}},"21":{"start":{"line":22,"column":0},"end":{"line":22,"column":27}},"22":{"start":{"line":23,"column":0},"end":{"line":23,"column":20}},"23":{"start":{"line":24,"column":0},"end":{"line":24,"column":20}},"24":{"start":{"line":25,"column":0},"end":{"line":25,"column":29}},"25":{"start":{"line":26,"column":0},"end":{"line":26,"column":25}},"26":{"start":{"line":27,"column":0},"end":{"line":27,"column":40}},"27":{"start":{"line":28,"column":0},"end":{"line":28,"column":26}},"28":{"start":{"line":29,"column":0},"end":{"line":29,"column":19}},"29":{"start":{"line":30,"column":0},"end":{"line":30,"column":15}},"30":{"start":{"line":31,"column":0},"end":{"line":31,"column":26}},"31":{"start":{"line":32,"column":0},"end":{"line":32,"column":30}},"32":{"start":{"line":33,"column":0},"end":{"line":33,"column":28}},"33":{"start":{"line":34,"column":0},"end":{"line":34,"column":23}},"34":{"start":{"line":35,"column":0},"end":{"line":35,"column":33}},"35":{"start":{"line":36,"column":0},"end":{"line":36,"column":42}},"36":{"start":{"line":37,"column":0},"end":{"line":37,"column":29}},"37":{"start":{"line":38,"column":0},"end":{"line":38,"column":24}},"38":{"start":{"line":39,"column":0},"end":{"line":39,"column":22}},"39":{"start":{"line":40,"column":0},"end":{"line":40,"column":31}},"40":{"start":{"line":41,"column":0},"end":{"line":41,"column":28}},"41":{"start":{"line":42,"column":0},"end":{"line":42,"column":32}},"42":{"start":{"line":43,"column":0},"end":{"line":43,"column":28}},"43":{"start":{"line":44,"column":0},"end":{"line":44,"column":32}},"44":{"start":{"line":45,"column":0},"end":{"line":45,"column":26}},"45":{"start":{"line":46,"column":0},"end":{"line":46,"column":22}},"46":{"start":{"line":47,"column":0},"end":{"line":47,"column":30}},"47":{"start":{"line":48,"column":0},"end":{"line":48,"column":26}},"48":{"start":{"line":49,"column":0},"end":{"line":49,"column":36}},"49":{"start":{"line":50,"column":0},"end":{"line":50,"column":1}}},"s":{"0":5,"1":5,"2":5,"3":5,"4":5,"5":5,"6":5,"7":5,"8":5,"9":5,"10":5,"11":5,"12":5,"13":5,"14":5,"15":5,"16":5,"17":5,"18":5,"19":5,"20":5,"21":5,"22":5,"23":5,"24":5,"25":5,"26":5,"27":5,"28":5,"29":5,"30":5,"31":5,"32":5,"33":5,"34":5,"35":5,"36":5,"37":5,"38":5,"39":5,"40":5,"41":5,"42":5,"43":5,"44":5,"45":5,"46":5,"47":5,"48":5,"49":5},"branchMap":{"0":{"type":"branch","line":1,"loc":{"start":{"line":1,"column":0},"end":{"line":50,"column":1}},"locations":[{"start":{"line":1,"column":0},"end":{"line":50,"column":1}}]}},"b":{"0":[5]},"fnMap":{},"f":{}}
,"C:\\desafio_profissional_bussola\\age-of-ultron-back-end-\\src\\enums\\messages.enum.ts": {"path":"C:\\desafio_profissional_bussola\\age-of-ultron-back-end-\\src\\enums\\messages.enum.ts","all":false,"statementMap":{"0":{"start":{"line":1,"column":0},"end":{"line":1,"column":22}},"1":{"start":{"line":2,"column":0},"end":{"line":2,"column":60}},"2":{"start":{"line":3,"column":0},"end":{"line":3,"column":46}},"3":{"start":{"line":4,"column":0},"end":{"line":4,"column":59}},"4":{"start":{"line":5,"column":0},"end":{"line":5,"column":0}},"5":{"start":{"line":6,"column":0},"end":{"line":6,"column":60}},"6":{"start":{"line":7,"column":0},"end":{"line":7,"column":55}},"7":{"start":{"line":8,"column":0},"end":{"line":8,"column":0}},"8":{"start":{"line":9,"column":0},"end":{"line":9,"column":70}},"9":{"start":{"line":10,"column":0},"end":{"line":10,"column":69}},"10":{"start":{"line":11,"column":0},"end":{"line":11,"column":70}},"11":{"start":{"line":12,"column":0},"end":{"line":12,"column":0}},"12":{"start":{"line":13,"column":0},"end":{"line":13,"column":51}},"13":{"start":{"line":14,"column":0},"end":{"line":14,"column":49}},"14":{"start":{"line":15,"column":0},"end":{"line":15,"column":34}},"15":{"start":{"line":16,"column":0},"end":{"line":16,"column":32}},"16":{"start":{"line":17,"column":0},"end":{"line":17,"column":48}},"17":{"start":{"line":18,"column":0},"end":{"line":18,"column":34}},"18":{"start":{"line":19,"column":0},"end":{"line":19,"column":48}},"19":{"start":{"line":20,"column":0},"end":{"line":20,"column":73}},"20":{"start":{"line":21,"column":0},"end":{"line":21,"column":0}},"21":{"start":{"line":22,"column":0},"end":{"line":22,"column":66}},"22":{"start":{"line":23,"column":0},"end":{"line":23,"column":53}},"23":{"start":{"line":24,"column":0},"end":{"line":24,"column":52}},"24":{"start":{"line":25,"column":0},"end":{"line":25,"column":36}},"25":{"start":{"line":26,"column":0},"end":{"line":26,"column":38}},"26":{"start":{"line":27,"column":0},"end":{"line":27,"column":65}},"27":{"start":{"line":28,"column":0},"end":{"line":28,"column":0}},"28":{"start":{"line":29,"column":0},"end":{"line":29,"column":1}}},"s":{"0":5,"1":5,"2":5,"3":5,"4":5,"5":5,"6":5,"7":5,"8":5,"9":5,"10":5,"11":5,"12":5,"13":5,"14":5,"15":5,"16":5,"17":5,"18":5,"19":5,"20":5,"21":5,"22":5,"23":5,"24":5,"25":5,"26":5,"27":5,"28":5},"branchMap":{"0":{"type":"branch","line":1,"loc":{"start":{"line":1,"column":0},"end":{"line":29,"column":1}},"locations":[{"start":{"line":1,"column":0},"end":{"line":29,"column":1}}]}},"b":{"0":[5]},"fnMap":{},"f":{}}
,"C:\\desafio_profissional_bussola\\age-of-ultron-back-end-\\src\\repositories\\character.repository.ts": {"path":"C:\\desafio_profissional_bussola\\age-of-ultron-back-end-\\src\\repositories\\character.repository.ts","all":false,"statementMap":{"0":{"start":{"line":1,"column":0},"end":{"line":1,"column":76}},"1":{"start":{"line":2,"column":0},"end":{"line":2,"column":57}},"2":{"start":{"line":3,"column":0},"end":{"line":3,"column":65}},"3":{"start":{"line":4,"column":0},"end":{"line":4,"column":0}},"4":{"start":{"line":5,"column":0},"end":{"line":5,"column":79}},"5":{"start":{"line":6,"column":0},"end":{"line":6,"column":19}},"6":{"start":{"line":7,"column":0},"end":{"line":7,"column":30}},"7":{"start":{"line":8,"column":0},"end":{"line":8,"column":5}},"8":{"start":{"line":9,"column":0},"end":{"line":9,"column":0}},"9":{"start":{"line":10,"column":0},"end":{"line":10,"column":41}},"10":{"start":{"line":11,"column":0},"end":{"line":11,"column":39}},"11":{"start":{"line":12,"column":0},"end":{"line":12,"column":28}},"12":{"start":{"line":13,"column":0},"end":{"line":13,"column":27}},"13":{"start":{"line":14,"column":0},"end":{"line":14,"column":14}},"14":{"start":{"line":15,"column":0},"end":{"line":15,"column":26}},"15":{"start":{"line":16,"column":0},"end":{"line":16,"column":28}},"16":{"start":{"line":17,"column":0},"end":{"line":17,"column":14}},"17":{"start":{"line":18,"column":0},"end":{"line":18,"column":5}},"18":{"start":{"line":19,"column":0},"end":{"line":19,"column":0}},"19":{"start":{"line":20,"column":0},"end":{"line":20,"column":32}},"20":{"start":{"line":21,"column":0},"end":{"line":21,"column":36}},"21":{"start":{"line":22,"column":0},"end":{"line":22,"column":28}},"22":{"start":{"line":23,"column":0},"end":{"line":23,"column":27}},"23":{"start":{"line":24,"column":0},"end":{"line":24,"column":14}},"24":{"start":{"line":25,"column":0},"end":{"line":25,"column":26}},"25":{"start":{"line":26,"column":0},"end":{"line":26,"column":28}},"26":{"start":{"line":27,"column":0},"end":{"line":27,"column":14}},"27":{"start":{"line":28,"column":0},"end":{"line":28,"column":5}},"28":{"start":{"line":29,"column":0},"end":{"line":29,"column":0}},"29":{"start":{"line":30,"column":0},"end":{"line":30,"column":30}},"30":{"start":{"line":31,"column":0},"end":{"line":31,"column":28}},"31":{"start":{"line":32,"column":0},"end":{"line":32,"column":28}},"32":{"start":{"line":33,"column":0},"end":{"line":33,"column":27}},"33":{"start":{"line":34,"column":0},"end":{"line":34,"column":14}},"34":{"start":{"line":35,"column":0},"end":{"line":35,"column":26}},"35":{"start":{"line":36,"column":0},"end":{"line":36,"column":28}},"36":{"start":{"line":37,"column":0},"end":{"line":37,"column":14}},"37":{"start":{"line":38,"column":0},"end":{"line":38,"column":5}},"38":{"start":{"line":39,"column":0},"end":{"line":39,"column":1}}},"s":{"0":1,"1":1,"2":1,"3":1,"4":1,"5":1,"6":3,"7":3,"8":1,"9":1,"10":21,"11":21,"12":21,"13":21,"14":21,"15":0,"16":21,"17":21,"18":1,"19":1,"20":1,"21":1,"22":1,"23":1,"24":1,"25":0,"26":1,"27":1,"28":1,"29":1,"30":1,"31":1,"32":1,"33":1,"34":1,"35":0,"36":1,"37":1,"38":1},"branchMap":{"0":{"type":"branch","line":6,"loc":{"start":{"line":6,"column":4},"end":{"line":8,"column":5}},"locations":[{"start":{"line":6,"column":4},"end":{"line":8,"column":5}}]},"1":{"type":"branch","line":10,"loc":{"start":{"line":10,"column":10},"end":{"line":18,"column":5}},"locations":[{"start":{"line":10,"column":10},"end":{"line":18,"column":5}}]},"2":{"type":"branch","line":12,"loc":{"start":{"line":12,"column":18},"end":{"line":14,"column":13}},"locations":[{"start":{"line":12,"column":18},"end":{"line":14,"column":13}}]},"3":{"type":"branch","line":20,"loc":{"start":{"line":20,"column":10},"end":{"line":28,"column":5}},"locations":[{"start":{"line":20,"column":10},"end":{"line":28,"column":5}}]},"4":{"type":"branch","line":22,"loc":{"start":{"line":22,"column":18},"end":{"line":24,"column":13}},"locations":[{"start":{"line":22,"column":18},"end":{"line":24,"column":13}}]},"5":{"type":"branch","line":30,"loc":{"start":{"line":30,"column":10},"end":{"line":38,"column":5}},"locations":[{"start":{"line":30,"column":10},"end":{"line":38,"column":5}}]},"6":{"type":"branch","line":32,"loc":{"start":{"line":32,"column":18},"end":{"line":34,"column":13}},"locations":[{"start":{"line":32,"column":18},"end":{"line":34,"column":13}}]}},"b":{"0":[3],"1":[21],"2":[21],"3":[1],"4":[1],"5":[1],"6":[1]},"fnMap":{"0":{"name":"CharacterRepository","decl":{"start":{"line":6,"column":4},"end":{"line":8,"column":5}},"loc":{"start":{"line":6,"column":4},"end":{"line":8,"column":5}},"line":6},"1":{"name":"findByCharacterId","decl":{"start":{"line":10,"column":10},"end":{"line":18,"column":5}},"loc":{"start":{"line":10,"column":10},"end":{"line":18,"column":5}},"line":10},"2":{"name":"findWithMostComics","decl":{"start":{"line":20,"column":10},"end":{"line":28,"column":5}},"loc":{"start":{"line":20,"column":10},"end":{"line":28,"column":5}},"line":20},"3":{"name":"getAllCharacters","decl":{"start":{"line":30,"column":10},"end":{"line":38,"column":5}},"loc":{"start":{"line":30,"column":10},"end":{"line":38,"column":5}},"line":30}},"f":{"0":3,"1":21,"2":1,"3":1}}
,"C:\\desafio_profissional_bussola\\age-of-ultron-back-end-\\src\\repositories\\comic.repository.ts": {"path":"C:\\desafio_profissional_bussola\\age-of-ultron-back-end-\\src\\repositories\\comic.repository.ts","all":false,"statementMap":{"0":{"start":{"line":1,"column":0},"end":{"line":1,"column":76}},"1":{"start":{"line":2,"column":0},"end":{"line":2,"column":48}},"2":{"start":{"line":3,"column":0},"end":{"line":3,"column":56}},"3":{"start":{"line":4,"column":0},"end":{"line":4,"column":63}},"4":{"start":{"line":5,"column":0},"end":{"line":5,"column":0}},"5":{"start":{"line":6,"column":0},"end":{"line":6,"column":71}},"6":{"start":{"line":7,"column":0},"end":{"line":7,"column":19}},"7":{"start":{"line":8,"column":0},"end":{"line":8,"column":26}},"8":{"start":{"line":9,"column":0},"end":{"line":9,"column":5}},"9":{"start":{"line":10,"column":0},"end":{"line":10,"column":0}},"10":{"start":{"line":11,"column":0},"end":{"line":11,"column":74}},"11":{"start":{"line":12,"column":0},"end":{"line":12,"column":44}},"12":{"start":{"line":13,"column":0},"end":{"line":13,"column":28}},"13":{"start":{"line":14,"column":0},"end":{"line":14,"column":27}},"14":{"start":{"line":15,"column":0},"end":{"line":15,"column":14}},"15":{"start":{"line":16,"column":0},"end":{"line":16,"column":26}},"16":{"start":{"line":17,"column":0},"end":{"line":17,"column":28}},"17":{"start":{"line":18,"column":0},"end":{"line":18,"column":14}},"18":{"start":{"line":19,"column":0},"end":{"line":19,"column":5}},"19":{"start":{"line":20,"column":0},"end":{"line":20,"column":0}},"20":{"start":{"line":21,"column":0},"end":{"line":21,"column":61}},"21":{"start":{"line":22,"column":0},"end":{"line":22,"column":28}},"22":{"start":{"line":23,"column":0},"end":{"line":23,"column":28}},"23":{"start":{"line":24,"column":0},"end":{"line":24,"column":26}},"24":{"start":{"line":25,"column":0},"end":{"line":25,"column":14}},"25":{"start":{"line":26,"column":0},"end":{"line":26,"column":26}},"26":{"start":{"line":27,"column":0},"end":{"line":27,"column":28}},"27":{"start":{"line":28,"column":0},"end":{"line":28,"column":14}},"28":{"start":{"line":29,"column":0},"end":{"line":29,"column":5}},"29":{"start":{"line":30,"column":0},"end":{"line":30,"column":0}},"30":{"start":{"line":31,"column":0},"end":{"line":31,"column":70}},"31":{"start":{"line":32,"column":0},"end":{"line":32,"column":32}},"32":{"start":{"line":33,"column":0},"end":{"line":33,"column":44}},"33":{"start":{"line":34,"column":0},"end":{"line":34,"column":32}},"34":{"start":{"line":35,"column":0},"end":{"line":35,"column":31}},"35":{"start":{"line":36,"column":0},"end":{"line":36,"column":18}},"36":{"start":{"line":37,"column":0},"end":{"line":37,"column":30}},"37":{"start":{"line":38,"column":0},"end":{"line":38,"column":32}},"38":{"start":{"line":39,"column":0},"end":{"line":39,"column":18}},"39":{"start":{"line":40,"column":0},"end":{"line":40,"column":16}},"40":{"start":{"line":41,"column":0},"end":{"line":41,"column":58}},"41":{"start":{"line":42,"column":0},"end":{"line":42,"column":9}},"42":{"start":{"line":43,"column":0},"end":{"line":43,"column":0}},"43":{"start":{"line":44,"column":0},"end":{"line":44,"column":5}},"44":{"start":{"line":45,"column":0},"end":{"line":45,"column":0}},"45":{"start":{"line":46,"column":0},"end":{"line":46,"column":30}},"46":{"start":{"line":47,"column":0},"end":{"line":47,"column":50}},"47":{"start":{"line":48,"column":0},"end":{"line":48,"column":28}},"48":{"start":{"line":49,"column":0},"end":{"line":49,"column":26}},"49":{"start":{"line":50,"column":0},"end":{"line":50,"column":14}},"50":{"start":{"line":51,"column":0},"end":{"line":51,"column":26}},"51":{"start":{"line":52,"column":0},"end":{"line":52,"column":27}},"52":{"start":{"line":53,"column":0},"end":{"line":53,"column":14}},"53":{"start":{"line":54,"column":0},"end":{"line":54,"column":5}},"54":{"start":{"line":55,"column":0},"end":{"line":55,"column":1}}},"s":{"0":1,"1":1,"2":1,"3":1,"4":1,"5":1,"6":1,"7":4,"8":4,"9":1,"10":1,"11":26,"12":26,"13":26,"14":26,"15":26,"16":0,"17":26,"18":26,"19":1,"20":1,"21":1,"22":1,"23":1,"24":1,"25":1,"26":0,"27":1,"28":1,"29":1,"30":1,"31":12,"32":10,"33":10,"34":10,"35":10,"36":10,"37":0,"38":10,"39":12,"40":2,"41":2,"42":12,"43":12,"44":1,"45":1,"46":2,"47":2,"48":2,"49":2,"50":2,"51":0,"52":2,"53":2,"54":1},"branchMap":{"0":{"type":"branch","line":7,"loc":{"start":{"line":7,"column":4},"end":{"line":9,"column":5}},"locations":[{"start":{"line":7,"column":4},"end":{"line":9,"column":5}}]},"1":{"type":"branch","line":11,"loc":{"start":{"line":11,"column":10},"end":{"line":19,"column":5}},"locations":[{"start":{"line":11,"column":10},"end":{"line":19,"column":5}}]},"2":{"type":"branch","line":13,"loc":{"start":{"line":13,"column":18},"end":{"line":15,"column":13}},"locations":[{"start":{"line":13,"column":18},"end":{"line":15,"column":13}}]},"3":{"type":"branch","line":21,"loc":{"start":{"line":21,"column":10},"end":{"line":29,"column":5}},"locations":[{"start":{"line":21,"column":10},"end":{"line":29,"column":5}}]},"4":{"type":"branch","line":23,"loc":{"start":{"line":23,"column":18},"end":{"line":25,"column":13}},"locations":[{"start":{"line":23,"column":18},"end":{"line":25,"column":13}}]},"5":{"type":"branch","line":31,"loc":{"start":{"line":31,"column":10},"end":{"line":44,"column":5}},"locations":[{"start":{"line":31,"column":10},"end":{"line":44,"column":5}}]},"6":{"type":"branch","line":32,"loc":{"start":{"line":32,"column":31},"end":{"line":40,"column":9}},"locations":[{"start":{"line":32,"column":31},"end":{"line":40,"column":9}}]},"7":{"type":"branch","line":40,"loc":{"start":{"line":40,"column":9},"end":{"line":42,"column":9}},"locations":[{"start":{"line":40,"column":9},"end":{"line":42,"column":9}}]},"8":{"type":"branch","line":34,"loc":{"start":{"line":34,"column":22},"end":{"line":36,"column":17}},"locations":[{"start":{"line":34,"column":22},"end":{"line":36,"column":17}}]},"9":{"type":"branch","line":46,"loc":{"start":{"line":46,"column":10},"end":{"line":54,"column":5}},"locations":[{"start":{"line":46,"column":10},"end":{"line":54,"column":5}}]},"10":{"type":"branch","line":48,"loc":{"start":{"line":48,"column":18},"end":{"line":50,"column":13}},"locations":[{"start":{"line":48,"column":18},"end":{"line":50,"column":13}}]}},"b":{"0":[4],"1":[26],"2":[26],"3":[1],"4":[1],"5":[12],"6":[10],"7":[2],"8":[10],"9":[2],"10":[2]},"fnMap":{"0":{"name":"ComicRepository","decl":{"start":{"line":7,"column":4},"end":{"line":9,"column":5}},"loc":{"start":{"line":7,"column":4},"end":{"line":9,"column":5}},"line":7},"1":{"name":"findByComicId","decl":{"start":{"line":11,"column":10},"end":{"line":19,"column":5}},"loc":{"start":{"line":11,"column":10},"end":{"line":19,"column":5}},"line":11},"2":{"name":"findAllComics","decl":{"start":{"line":21,"column":10},"end":{"line":29,"column":5}},"loc":{"start":{"line":21,"column":10},"end":{"line":29,"column":5}},"line":21},"3":{"name":"findComicByIds","decl":{"start":{"line":31,"column":10},"end":{"line":44,"column":5}},"loc":{"start":{"line":31,"column":10},"end":{"line":44,"column":5}},"line":31},"4":{"name":"getTitleOfComics","decl":{"start":{"line":46,"column":10},"end":{"line":54,"column":5}},"loc":{"start":{"line":46,"column":10},"end":{"line":54,"column":5}},"line":46}},"f":{"0":4,"1":26,"2":1,"3":12,"4":2}}
,"C:\\desafio_profissional_bussola\\age-of-ultron-back-end-\\src\\repositories\\creator.repository.ts": {"path":"C:\\desafio_profissional_bussola\\age-of-ultron-back-end-\\src\\repositories\\creator.repository.ts","all":false,"statementMap":{"0":{"start":{"line":1,"column":0},"end":{"line":1,"column":76}},"1":{"start":{"line":2,"column":0},"end":{"line":2,"column":52}},"2":{"start":{"line":3,"column":0},"end":{"line":3,"column":60}},"3":{"start":{"line":4,"column":0},"end":{"line":4,"column":67}},"4":{"start":{"line":5,"column":0},"end":{"line":5,"column":0}},"5":{"start":{"line":6,"column":0},"end":{"line":6,"column":75}},"6":{"start":{"line":7,"column":0},"end":{"line":7,"column":19}},"7":{"start":{"line":8,"column":0},"end":{"line":8,"column":28}},"8":{"start":{"line":9,"column":0},"end":{"line":9,"column":5}},"9":{"start":{"line":10,"column":0},"end":{"line":10,"column":0}},"10":{"start":{"line":11,"column":0},"end":{"line":11,"column":73}},"11":{"start":{"line":12,"column":0},"end":{"line":12,"column":39}},"12":{"start":{"line":13,"column":0},"end":{"line":13,"column":28}},"13":{"start":{"line":14,"column":0},"end":{"line":14,"column":27}},"14":{"start":{"line":15,"column":0},"end":{"line":15,"column":14}},"15":{"start":{"line":16,"column":0},"end":{"line":16,"column":26}},"16":{"start":{"line":17,"column":0},"end":{"line":17,"column":28}},"17":{"start":{"line":18,"column":0},"end":{"line":18,"column":14}},"18":{"start":{"line":19,"column":0},"end":{"line":19,"column":5}},"19":{"start":{"line":20,"column":0},"end":{"line":20,"column":0}},"20":{"start":{"line":21,"column":0},"end":{"line":21,"column":74}},"21":{"start":{"line":22,"column":0},"end":{"line":22,"column":32}},"22":{"start":{"line":23,"column":0},"end":{"line":23,"column":44}},"23":{"start":{"line":24,"column":0},"end":{"line":24,"column":32}},"24":{"start":{"line":25,"column":0},"end":{"line":25,"column":31}},"25":{"start":{"line":26,"column":0},"end":{"line":26,"column":18}},"26":{"start":{"line":27,"column":0},"end":{"line":27,"column":30}},"27":{"start":{"line":28,"column":0},"end":{"line":28,"column":32}},"28":{"start":{"line":29,"column":0},"end":{"line":29,"column":18}},"29":{"start":{"line":30,"column":0},"end":{"line":30,"column":16}},"30":{"start":{"line":31,"column":0},"end":{"line":31,"column":60}},"31":{"start":{"line":32,"column":0},"end":{"line":32,"column":9}},"32":{"start":{"line":33,"column":0},"end":{"line":33,"column":5}},"33":{"start":{"line":34,"column":0},"end":{"line":34,"column":1}}},"s":{"0":1,"1":1,"2":1,"3":1,"4":1,"5":1,"6":1,"7":4,"8":4,"9":1,"10":1,"11":36,"12":36,"13":36,"14":36,"15":36,"16":0,"17":36,"18":36,"19":1,"20":1,"21":12,"22":10,"23":10,"24":10,"25":10,"26":10,"27":0,"28":10,"29":12,"30":2,"31":2,"32":12,"33":1},"branchMap":{"0":{"type":"branch","line":7,"loc":{"start":{"line":7,"column":4},"end":{"line":9,"column":5}},"locations":[{"start":{"line":7,"column":4},"end":{"line":9,"column":5}}]},"1":{"type":"branch","line":11,"loc":{"start":{"line":11,"column":10},"end":{"line":19,"column":5}},"locations":[{"start":{"line":11,"column":10},"end":{"line":19,"column":5}}]},"2":{"type":"branch","line":13,"loc":{"start":{"line":13,"column":18},"end":{"line":15,"column":13}},"locations":[{"start":{"line":13,"column":18},"end":{"line":15,"column":13}}]},"3":{"type":"branch","line":21,"loc":{"start":{"line":21,"column":10},"end":{"line":33,"column":5}},"locations":[{"start":{"line":21,"column":10},"end":{"line":33,"column":5}}]},"4":{"type":"branch","line":22,"loc":{"start":{"line":22,"column":31},"end":{"line":30,"column":9}},"locations":[{"start":{"line":22,"column":31},"end":{"line":30,"column":9}}]},"5":{"type":"branch","line":30,"loc":{"start":{"line":30,"column":9},"end":{"line":32,"column":9}},"locations":[{"start":{"line":30,"column":9},"end":{"line":32,"column":9}}]},"6":{"type":"branch","line":24,"loc":{"start":{"line":24,"column":22},"end":{"line":26,"column":17}},"locations":[{"start":{"line":24,"column":22},"end":{"line":26,"column":17}}]}},"b":{"0":[4],"1":[36],"2":[36],"3":[12],"4":[10],"5":[2],"6":[10]},"fnMap":{"0":{"name":"CreatorRepository","decl":{"start":{"line":7,"column":4},"end":{"line":9,"column":5}},"loc":{"start":{"line":7,"column":4},"end":{"line":9,"column":5}},"line":7},"1":{"name":"findByCreatorId","decl":{"start":{"line":11,"column":10},"end":{"line":19,"column":5}},"loc":{"start":{"line":11,"column":10},"end":{"line":19,"column":5}},"line":11},"2":{"name":"findByCreatorIds","decl":{"start":{"line":21,"column":10},"end":{"line":33,"column":5}},"loc":{"start":{"line":21,"column":10},"end":{"line":33,"column":5}},"line":21}},"f":{"0":4,"1":36,"2":12}}
,"C:\\desafio_profissional_bussola\\age-of-ultron-back-end-\\src\\repositories\\generic\\generic-repository.repository.ts": {"path":"C:\\desafio_profissional_bussola\\age-of-ultron-back-end-\\src\\repositories\\generic\\generic-repository.repository.ts","all":false,"statementMap":{"0":{"start":{"line":1,"column":0},"end":{"line":1,"column":207}},"1":{"start":{"line":2,"column":0},"end":{"line":2,"column":0}},"2":{"start":{"line":3,"column":0},"end":{"line":3,"column":52}},"3":{"start":{"line":4,"column":0},"end":{"line":4,"column":0}},"4":{"start":{"line":5,"column":0},"end":{"line":5,"column":44}},"5":{"start":{"line":6,"column":0},"end":{"line":6,"column":0}},"6":{"start":{"line":7,"column":0},"end":{"line":7,"column":41}},"7":{"start":{"line":8,"column":0},"end":{"line":8,"column":55}},"8":{"start":{"line":9,"column":0},"end":{"line":9,"column":5}},"9":{"start":{"line":10,"column":0},"end":{"line":10,"column":0}},"10":{"start":{"line":11,"column":0},"end":{"line":11,"column":43}},"11":{"start":{"line":12,"column":0},"end":{"line":12,"column":44}},"12":{"start":{"line":13,"column":0},"end":{"line":13,"column":5}},"13":{"start":{"line":14,"column":0},"end":{"line":14,"column":0}},"14":{"start":{"line":15,"column":0},"end":{"line":15,"column":48}},"15":{"start":{"line":16,"column":0},"end":{"line":16,"column":45}},"16":{"start":{"line":17,"column":0},"end":{"line":17,"column":5}},"17":{"start":{"line":18,"column":0},"end":{"line":18,"column":0}},"18":{"start":{"line":19,"column":0},"end":{"line":19,"column":112}},"19":{"start":{"line":20,"column":0},"end":{"line":20,"column":57}},"20":{"start":{"line":21,"column":0},"end":{"line":21,"column":5}},"21":{"start":{"line":22,"column":0},"end":{"line":22,"column":0}},"22":{"start":{"line":23,"column":0},"end":{"line":23,"column":62}},"23":{"start":{"line":24,"column":0},"end":{"line":24,"column":48}},"24":{"start":{"line":25,"column":0},"end":{"line":25,"column":5}},"25":{"start":{"line":26,"column":0},"end":{"line":26,"column":0}},"26":{"start":{"line":27,"column":0},"end":{"line":27,"column":51}},"27":{"start":{"line":28,"column":0},"end":{"line":28,"column":45}},"28":{"start":{"line":29,"column":0},"end":{"line":29,"column":5}},"29":{"start":{"line":30,"column":0},"end":{"line":30,"column":0}},"30":{"start":{"line":31,"column":0},"end":{"line":31,"column":80}},"31":{"start":{"line":32,"column":0},"end":{"line":32,"column":77}},"32":{"start":{"line":33,"column":0},"end":{"line":33,"column":5}},"33":{"start":{"line":34,"column":0},"end":{"line":34,"column":0}},"34":{"start":{"line":35,"column":0},"end":{"line":35,"column":60}},"35":{"start":{"line":36,"column":0},"end":{"line":36,"column":54}},"36":{"start":{"line":37,"column":0},"end":{"line":37,"column":5}},"37":{"start":{"line":38,"column":0},"end":{"line":38,"column":0}},"38":{"start":{"line":39,"column":0},"end":{"line":39,"column":101}},"39":{"start":{"line":40,"column":0},"end":{"line":40,"column":58}},"40":{"start":{"line":41,"column":0},"end":{"line":41,"column":5}},"41":{"start":{"line":42,"column":0},"end":{"line":42,"column":0}},"42":{"start":{"line":43,"column":0},"end":{"line":43,"column":131}},"43":{"start":{"line":44,"column":0},"end":{"line":44,"column":58}},"44":{"start":{"line":45,"column":0},"end":{"line":45,"column":5}},"45":{"start":{"line":46,"column":0},"end":{"line":46,"column":135}},"46":{"start":{"line":47,"column":0},"end":{"line":47,"column":54}},"47":{"start":{"line":48,"column":0},"end":{"line":48,"column":28}},"48":{"start":{"line":49,"column":0},"end":{"line":49,"column":27}},"49":{"start":{"line":50,"column":0},"end":{"line":50,"column":14}},"50":{"start":{"line":51,"column":0},"end":{"line":51,"column":26}},"51":{"start":{"line":52,"column":0},"end":{"line":52,"column":28}},"52":{"start":{"line":53,"column":0},"end":{"line":53,"column":14}},"53":{"start":{"line":54,"column":0},"end":{"line":54,"column":5}},"54":{"start":{"line":55,"column":0},"end":{"line":55,"column":0}},"55":{"start":{"line":56,"column":0},"end":{"line":56,"column":33}},"56":{"start":{"line":57,"column":0},"end":{"line":57,"column":42}},"57":{"start":{"line":58,"column":0},"end":{"line":58,"column":28}},"58":{"start":{"line":59,"column":0},"end":{"line":59,"column":27}},"59":{"start":{"line":60,"column":0},"end":{"line":60,"column":14}},"60":{"start":{"line":61,"column":0},"end":{"line":61,"column":26}},"61":{"start":{"line":62,"column":0},"end":{"line":62,"column":28}},"62":{"start":{"line":63,"column":0},"end":{"line":63,"column":14}},"63":{"start":{"line":64,"column":0},"end":{"line":64,"column":5}},"64":{"start":{"line":65,"column":0},"end":{"line":65,"column":0}},"65":{"start":{"line":66,"column":0},"end":{"line":66,"column":47}},"66":{"start":{"line":67,"column":0},"end":{"line":67,"column":43}},"67":{"start":{"line":68,"column":0},"end":{"line":68,"column":45}},"68":{"start":{"line":69,"column":0},"end":{"line":69,"column":19}},"69":{"start":{"line":70,"column":0},"end":{"line":70,"column":5}},"70":{"start":{"line":71,"column":0},"end":{"line":71,"column":0}},"71":{"start":{"line":72,"column":0},"end":{"line":72,"column":51}},"72":{"start":{"line":73,"column":0},"end":{"line":73,"column":43}},"73":{"start":{"line":74,"column":0},"end":{"line":74,"column":45}},"74":{"start":{"line":75,"column":0},"end":{"line":75,"column":19}},"75":{"start":{"line":76,"column":0},"end":{"line":76,"column":5}},"76":{"start":{"line":77,"column":0},"end":{"line":77,"column":0}},"77":{"start":{"line":78,"column":0},"end":{"line":78,"column":51}},"78":{"start":{"line":79,"column":0},"end":{"line":79,"column":43}},"79":{"start":{"line":80,"column":0},"end":{"line":80,"column":45}},"80":{"start":{"line":81,"column":0},"end":{"line":81,"column":19}},"81":{"start":{"line":82,"column":0},"end":{"line":82,"column":5}},"82":{"start":{"line":83,"column":0},"end":{"line":83,"column":1}}},"s":{"0":1,"1":1,"2":1,"3":1,"4":1,"5":1,"6":1,"7":0,"8":0,"9":1,"10":1,"11":8,"12":8,"13":1,"14":1,"15":9,"16":9,"17":1,"18":1,"19":6,"20":6,"21":1,"22":1,"23":103,"24":103,"25":1,"26":1,"27":0,"28":0,"29":1,"30":1,"31":0,"32":0,"33":1,"34":1,"35":0,"36":0,"37":1,"38":1,"39":1,"40":1,"41":1,"42":1,"43":3,"44":3,"45":1,"46":0,"47":0,"48":0,"49":0,"50":0,"51":0,"52":0,"53":0,"54":1,"55":1,"56":0,"57":0,"58":0,"59":0,"60":0,"61":0,"62":0,"63":0,"64":1,"65":1,"66":1,"67":1,"68":1,"69":1,"70":1,"71":1,"72":1,"73":1,"74":1,"75":1,"76":1,"77":1,"78":1,"79":1,"80":1,"81":1,"82":1},"branchMap":{"0":{"type":"branch","line":5,"loc":{"start":{"line":5,"column":4},"end":{"line":5,"column":44}},"locations":[{"start":{"line":5,"column":4},"end":{"line":5,"column":44}}]},"1":{"type":"branch","line":11,"loc":{"start":{"line":11,"column":10},"end":{"line":13,"column":5}},"locations":[{"start":{"line":11,"column":10},"end":{"line":13,"column":5}}]},"2":{"type":"branch","line":15,"loc":{"start":{"line":15,"column":10},"end":{"line":17,"column":5}},"locations":[{"start":{"line":15,"column":10},"end":{"line":17,"column":5}}]},"3":{"type":"branch","line":19,"loc":{"start":{"line":19,"column":10},"end":{"line":21,"column":5}},"locations":[{"start":{"line":19,"column":10},"end":{"line":21,"column":5}}]},"4":{"type":"branch","line":23,"loc":{"start":{"line":23,"column":10},"end":{"line":25,"column":5}},"locations":[{"start":{"line":23,"column":10},"end":{"line":25,"column":5}}]},"5":{"type":"branch","line":39,"loc":{"start":{"line":39,"column":10},"end":{"line":41,"column":5}},"locations":[{"start":{"line":39,"column":10},"end":{"line":41,"column":5}}]},"6":{"type":"branch","line":43,"loc":{"start":{"line":43,"column":10},"end":{"line":45,"column":5}},"locations":[{"start":{"line":43,"column":10},"end":{"line":45,"column":5}}]},"7":{"type":"branch","line":66,"loc":{"start":{"line":66,"column":10},"end":{"line":70,"column":5}},"locations":[{"start":{"line":66,"column":10},"end":{"line":70,"column":5}}]},"8":{"type":"branch","line":72,"loc":{"start":{"line":72,"column":10},"end":{"line":76,"column":5}},"locations":[{"start":{"line":72,"column":10},"end":{"line":76,"column":5}}]},"9":{"type":"branch","line":78,"loc":{"start":{"line":78,"column":10},"end":{"line":82,"column":5}},"locations":[{"start":{"line":78,"column":10},"end":{"line":82,"column":5}}]}},"b":{"0":[11],"1":[8],"2":[9],"3":[6],"4":[103],"5":[1],"6":[3],"7":[1],"8":[1],"9":[1]},"fnMap":{"0":{"name":"GenericRepository","decl":{"start":{"line":5,"column":4},"end":{"line":5,"column":44}},"loc":{"start":{"line":5,"column":4},"end":{"line":5,"column":44}},"line":5},"1":{"name":"count","decl":{"start":{"line":7,"column":10},"end":{"line":9,"column":5}},"loc":{"start":{"line":7,"column":10},"end":{"line":9,"column":5}},"line":7},"2":{"name":"delete","decl":{"start":{"line":11,"column":10},"end":{"line":13,"column":5}},"loc":{"start":{"line":11,"column":10},"end":{"line":13,"column":5}},"line":11},"3":{"name":"create","decl":{"start":{"line":15,"column":10},"end":{"line":17,"column":5}},"loc":{"start":{"line":15,"column":10},"end":{"line":17,"column":5}},"line":15},"4":{"name":"find","decl":{"start":{"line":19,"column":10},"end":{"line":21,"column":5}},"loc":{"start":{"line":19,"column":10},"end":{"line":21,"column":5}},"line":19},"5":{"name":"findOne","decl":{"start":{"line":23,"column":10},"end":{"line":25,"column":5}},"loc":{"start":{"line":23,"column":10},"end":{"line":25,"column":5}},"line":23},"6":{"name":"findById","decl":{"start":{"line":27,"column":10},"end":{"line":29,"column":5}},"loc":{"start":{"line":27,"column":10},"end":{"line":29,"column":5}},"line":27},"7":{"name":"findByIdAndUpdate","decl":{"start":{"line":31,"column":10},"end":{"line":33,"column":5}},"loc":{"start":{"line":31,"column":10},"end":{"line":33,"column":5}},"line":31},"8":{"name":"findByIdAndDelete","decl":{"start":{"line":35,"column":10},"end":{"line":37,"column":5}},"loc":{"start":{"line":35,"column":10},"end":{"line":37,"column":5}},"line":35},"9":{"name":"deleteOne","decl":{"start":{"line":39,"column":10},"end":{"line":41,"column":5}},"loc":{"start":{"line":39,"column":10},"end":{"line":41,"column":5}},"line":39},"10":{"name":"updateOne","decl":{"start":{"line":43,"column":10},"end":{"line":45,"column":5}},"loc":{"start":{"line":43,"column":10},"end":{"line":45,"column":5}},"line":43},"11":{"name":"aggregate","decl":{"start":{"line":46,"column":10},"end":{"line":54,"column":5}},"loc":{"start":{"line":46,"column":10},"end":{"line":54,"column":5}},"line":46},"12":{"name":"insertMany","decl":{"start":{"line":56,"column":10},"end":{"line":64,"column":5}},"loc":{"start":{"line":56,"column":10},"end":{"line":64,"column":5}},"line":56},"13":{"name":"findMostComics","decl":{"start":{"line":66,"column":10},"end":{"line":70,"column":5}},"loc":{"start":{"line":66,"column":10},"end":{"line":70,"column":5}},"line":66},"14":{"name":"findWithMostEvents","decl":{"start":{"line":72,"column":10},"end":{"line":76,"column":5}},"loc":{"start":{"line":72,"column":10},"end":{"line":76,"column":5}},"line":72},"15":{"name":"findWithMostSeries","decl":{"start":{"line":78,"column":10},"end":{"line":82,"column":5}},"loc":{"start":{"line":78,"column":10},"end":{"line":82,"column":5}},"line":78}},"f":{"0":11,"1":0,"2":8,"3":9,"4":6,"5":103,"6":0,"7":0,"8":0,"9":1,"10":3,"11":0,"12":0,"13":1,"14":1,"15":1}}
,"C:\\desafio_profissional_bussola\\age-of-ultron-back-end-\\src\\routes\\routes.ts": {"path":"C:\\desafio_profissional_bussola\\age-of-ultron-back-end-\\src\\routes\\routes.ts","all":false,"statementMap":{"0":{"start":{"line":1,"column":0},"end":{"line":1,"column":32}},"1":{"start":{"line":2,"column":0},"end":{"line":2,"column":66}},"2":{"start":{"line":3,"column":0},"end":{"line":3,"column":62}},"3":{"start":{"line":4,"column":0},"end":{"line":4,"column":70}},"4":{"start":{"line":5,"column":0},"end":{"line":5,"column":0}},"5":{"start":{"line":6,"column":0},"end":{"line":6,"column":24}},"6":{"start":{"line":7,"column":0},"end":{"line":7,"column":0}},"7":{"start":{"line":8,"column":0},"end":{"line":8,"column":3}},"8":{"start":{"line":9,"column":0},"end":{"line":9,"column":11}},"9":{"start":{"line":10,"column":0},"end":{"line":10,"column":37}},"10":{"start":{"line":11,"column":0},"end":{"line":11,"column":8}},"11":{"start":{"line":12,"column":0},"end":{"line":12,"column":13}},"12":{"start":{"line":13,"column":0},"end":{"line":13,"column":22}},"13":{"start":{"line":14,"column":0},"end":{"line":14,"column":50}},"14":{"start":{"line":15,"column":0},"end":{"line":15,"column":17}},"15":{"start":{"line":16,"column":0},"end":{"line":16,"column":30}},"16":{"start":{"line":17,"column":0},"end":{"line":17,"column":19}},"17":{"start":{"line":18,"column":0},"end":{"line":18,"column":22}},"18":{"start":{"line":19,"column":0},"end":{"line":19,"column":27}},"19":{"start":{"line":20,"column":0},"end":{"line":20,"column":28}},"20":{"start":{"line":21,"column":0},"end":{"line":21,"column":18}},"21":{"start":{"line":22,"column":0},"end":{"line":22,"column":16}},"22":{"start":{"line":23,"column":0},"end":{"line":23,"column":59}},"23":{"start":{"line":24,"column":0},"end":{"line":24,"column":16}},"24":{"start":{"line":25,"column":0},"end":{"line":25,"column":45}},"25":{"start":{"line":26,"column":0},"end":{"line":26,"column":3}},"26":{"start":{"line":27,"column":0},"end":{"line":27,"column":3}},"27":{"start":{"line":28,"column":0},"end":{"line":28,"column":80}},"28":{"start":{"line":29,"column":0},"end":{"line":29,"column":0}},"29":{"start":{"line":30,"column":0},"end":{"line":30,"column":3}},"30":{"start":{"line":31,"column":0},"end":{"line":31,"column":11}},"31":{"start":{"line":32,"column":0},"end":{"line":32,"column":35}},"32":{"start":{"line":33,"column":0},"end":{"line":33,"column":8}},"33":{"start":{"line":34,"column":0},"end":{"line":34,"column":13}},"34":{"start":{"line":35,"column":0},"end":{"line":35,"column":20}},"35":{"start":{"line":36,"column":0},"end":{"line":36,"column":48}},"36":{"start":{"line":37,"column":0},"end":{"line":37,"column":17}},"37":{"start":{"line":38,"column":0},"end":{"line":38,"column":30}},"38":{"start":{"line":39,"column":0},"end":{"line":39,"column":19}},"39":{"start":{"line":40,"column":0},"end":{"line":40,"column":22}},"40":{"start":{"line":41,"column":0},"end":{"line":41,"column":27}},"41":{"start":{"line":42,"column":0},"end":{"line":42,"column":28}},"42":{"start":{"line":43,"column":0},"end":{"line":43,"column":18}},"43":{"start":{"line":44,"column":0},"end":{"line":44,"column":16}},"44":{"start":{"line":45,"column":0},"end":{"line":45,"column":57}},"45":{"start":{"line":46,"column":0},"end":{"line":46,"column":23}},"46":{"start":{"line":47,"column":0},"end":{"line":47,"column":62}},"47":{"start":{"line":48,"column":0},"end":{"line":48,"column":16}},"48":{"start":{"line":49,"column":0},"end":{"line":49,"column":45}},"49":{"start":{"line":50,"column":0},"end":{"line":50,"column":3}},"50":{"start":{"line":51,"column":0},"end":{"line":51,"column":3}},"51":{"start":{"line":52,"column":0},"end":{"line":52,"column":76}},"52":{"start":{"line":53,"column":0},"end":{"line":53,"column":0}},"53":{"start":{"line":54,"column":0},"end":{"line":54,"column":3}},"54":{"start":{"line":55,"column":0},"end":{"line":55,"column":11}},"55":{"start":{"line":56,"column":0},"end":{"line":56,"column":24}},"56":{"start":{"line":57,"column":0},"end":{"line":57,"column":8}},"57":{"start":{"line":58,"column":0},"end":{"line":58,"column":13}},"58":{"start":{"line":59,"column":0},"end":{"line":59,"column":20}},"59":{"start":{"line":60,"column":0},"end":{"line":60,"column":142}},"60":{"start":{"line":61,"column":0},"end":{"line":61,"column":17}},"61":{"start":{"line":62,"column":0},"end":{"line":62,"column":30}},"62":{"start":{"line":63,"column":0},"end":{"line":63,"column":18}},"63":{"start":{"line":64,"column":0},"end":{"line":64,"column":16}},"64":{"start":{"line":65,"column":0},"end":{"line":65,"column":62}},"65":{"start":{"line":66,"column":0},"end":{"line":66,"column":16}},"66":{"start":{"line":67,"column":0},"end":{"line":67,"column":53}},"67":{"start":{"line":68,"column":0},"end":{"line":68,"column":3}},"68":{"start":{"line":69,"column":0},"end":{"line":69,"column":3}},"69":{"start":{"line":70,"column":0},"end":{"line":70,"column":81}},"70":{"start":{"line":71,"column":0},"end":{"line":71,"column":0}},"71":{"start":{"line":72,"column":0},"end":{"line":72,"column":3}},"72":{"start":{"line":73,"column":0},"end":{"line":73,"column":11}},"73":{"start":{"line":74,"column":0},"end":{"line":74,"column":20}},"74":{"start":{"line":75,"column":0},"end":{"line":75,"column":8}},"75":{"start":{"line":76,"column":0},"end":{"line":76,"column":13}},"76":{"start":{"line":77,"column":0},"end":{"line":77,"column":20}},"77":{"start":{"line":78,"column":0},"end":{"line":78,"column":66}},"78":{"start":{"line":79,"column":0},"end":{"line":79,"column":17}},"79":{"start":{"line":80,"column":0},"end":{"line":80,"column":30}},"80":{"start":{"line":81,"column":0},"end":{"line":81,"column":19}},"81":{"start":{"line":82,"column":0},"end":{"line":82,"column":22}},"82":{"start":{"line":83,"column":0},"end":{"line":83,"column":22}},"83":{"start":{"line":84,"column":0},"end":{"line":84,"column":28}},"84":{"start":{"line":85,"column":0},"end":{"line":85,"column":18}},"85":{"start":{"line":86,"column":0},"end":{"line":86,"column":16}},"86":{"start":{"line":87,"column":0},"end":{"line":87,"column":45}},"87":{"start":{"line":88,"column":0},"end":{"line":88,"column":16}},"88":{"start":{"line":89,"column":0},"end":{"line":89,"column":49}},"89":{"start":{"line":90,"column":0},"end":{"line":90,"column":3}},"90":{"start":{"line":91,"column":0},"end":{"line":91,"column":3}},"91":{"start":{"line":92,"column":0},"end":{"line":92,"column":61}},"92":{"start":{"line":93,"column":0},"end":{"line":93,"column":0}},"93":{"start":{"line":94,"column":0},"end":{"line":94,"column":3}},"94":{"start":{"line":95,"column":0},"end":{"line":95,"column":11}},"95":{"start":{"line":96,"column":0},"end":{"line":96,"column":20}},"96":{"start":{"line":97,"column":0},"end":{"line":97,"column":8}},"97":{"start":{"line":98,"column":0},"end":{"line":98,"column":13}},"98":{"start":{"line":99,"column":0},"end":{"line":99,"column":20}},"99":{"start":{"line":100,"column":0},"end":{"line":100,"column":70}},"100":{"start":{"line":101,"column":0},"end":{"line":101,"column":17}},"101":{"start":{"line":102,"column":0},"end":{"line":102,"column":30}},"102":{"start":{"line":103,"column":0},"end":{"line":103,"column":18}},"103":{"start":{"line":104,"column":0},"end":{"line":104,"column":16}},"104":{"start":{"line":105,"column":0},"end":{"line":105,"column":47}},"105":{"start":{"line":106,"column":0},"end":{"line":106,"column":3}},"106":{"start":{"line":1
[...]
:{"line":233,"column":55}},"233":{"start":{"line":234,"column":0},"end":{"line":234,"column":13}},"234":{"start":{"line":235,"column":0},"end":{"line":235,"column":43}},"235":{"start":{"line":236,"column":0},"end":{"line":236,"column":54}},"236":{"start":{"line":237,"column":0},"end":{"line":237,"column":13}},"237":{"start":{"line":238,"column":0},"end":{"line":238,"column":13}},"238":{"start":{"line":239,"column":0},"end":{"line":239,"column":16}},"239":{"start":{"line":240,"column":0},"end":{"line":240,"column":60}},"240":{"start":{"line":241,"column":0},"end":{"line":241,"column":9}},"241":{"start":{"line":242,"column":0},"end":{"line":242,"column":6}},"242":{"start":{"line":243,"column":0},"end":{"line":243,"column":28}},"243":{"start":{"line":244,"column":0},"end":{"line":244,"column":7}},"244":{"start":{"line":245,"column":0},"end":{"line":245,"column":1}}},"s":{"0":3,"1":3,"2":1,"3":18,"4":18,"5":18,"6":18,"7":18,"8":18,"9":18,"10":360,"11":360,"12":360,"13":18,"14":18,"15":18,"16":18,"17":18,"18":360,"19":360,"20":360,"21":18,"22":18,"23":18,"24":18,"25":18,"26":360,"27":360,"28":360,"29":18,"30":18,"31":18,"32":18,"33":18,"34":241,"35":241,"36":241,"37":18,"38":18,"39":18,"40":18,"41":18,"42":18,"43":18,"44":18,"45":18,"46":18,"47":18,"48":1,"49":1,"50":3,"51":3,"52":2,"53":2,"54":2,"55":2,"56":1,"57":1,"58":2,"59":0,"60":0,"61":2,"62":0,"63":0,"64":2,"65":0,"66":0,"67":2,"68":2,"69":0,"70":0,"71":2,"72":0,"73":2,"74":2,"75":4,"76":0,"77":0,"78":2,"79":2,"80":2,"81":2,"82":0,"83":0,"84":2,"85":0,"86":2,"87":2,"88":2,"89":0,"90":0,"91":2,"92":2,"93":2,"94":2,"95":0,"96":0,"97":2,"98":0,"99":2,"100":2,"101":2,"102":0,"103":0,"104":2,"105":0,"106":0,"107":2,"108":2,"109":2,"110":2,"111":0,"112":0,"113":2,"114":0,"115":2,"116":2,"117":2,"118":0,"119":0,"120":2,"121":2,"122":2,"123":2,"124":0,"125":2,"126":2,"127":4,"128":0,"129":0,"130":4,"131":0,"132":0,"133":2,"134":2,"135":2,"136":2,"137":3,"138":3,"139":2,"140":2,"141":2,"142":2,"143":2,"144":2,"145":2,"146":0,"147":0,"148":2,"149":2,"150":0,"151":0,"152":2,"153":2,"154":0,"155":0,"156":2,"157":2,"158":1,"159":1,"160":2,"161":2,"162":2,"163":4,"164":0,"165":0,"166":4,"167":1,"168":1,"169":2,"170":2,"171":0,"172":0,"173":2,"174":2,"175":0,"176":0,"177":2,"178":2,"179":2,"180":2,"181":0,"182":0,"183":2,"184":0,"185":0,"186":2,"187":2,"188":0,"189":0,"190":2,"191":2,"192":0,"193":0,"194":2,"195":2,"196":2,"197":2,"198":0,"199":0,"200":2,"201":0,"202":0,"203":2,"204":0,"205":0,"206":2,"207":2,"208":0,"209":0,"210":2,"211":2,"212":1,"213":1,"214":2,"215":2,"216":2,"217":2,"218":0,"219":0,"220":2,"221":1,"222":1,"223":2,"224":2,"225":0,"226":0,"227":2,"228":2,"229":2,"230":2,"231":4,"232":0,"233":0,"234":4,"235":0,"236":0,"237":2,"238":2,"239":0,"240":0,"241":2,"242":2,"243":3,"244":3},"branchMap":{"0":{"type":"branch","line":1,"loc":{"start":{"line":1,"column":0},"end":{"line":245,"column":1}},"locations":[{"start":{"line":1,"column":0},"end":{"line":245,"column":1}}]},"1":{"type":"branch","line":52,"loc":{"start":{"line":52,"column":38},"end":{"line":137,"column":5}},"locations":[{"start":{"line":52,"column":38},"end":{"line":137,"column":5}}]},"2":{"type":"branch","line":56,"loc":{"start":{"line":56,"column":24},"end":{"line":58,"column":9}},"locations":[{"start":{"line":56,"column":24},"end":{"line":58,"column":9}}]},"3":{"type":"branch","line":59,"loc":{"start":{"line":59,"column":28},"end":{"line":61,"column":9}},"locations":[{"start":{"line":59,"column":28},"end":{"line":61,"column":9}}]},"4":{"type":"branch","line":62,"loc":{"start":{"line":62,"column":53},"end":{"line":64,"column":9}},"locations":[{"start":{"line":62,"column":53},"end":{"line":64,"column":9}}]},"5":{"type":"branch","line":65,"loc":{"start":{"line":65,"column":58},"end":{"line":67,"column":9}},"locations":[{"start":{"line":65,"column":58},"end":{"line":67,"column":9}}]},"6":{"type":"branch","line":69,"loc":{"start":{"line":69,"column":71},"end":{"line":71,"column":9}},"locations":[{"start":{"line":69,"column":71},"end":{"line":71,"column":9}}]},"7":{"type":"branch","line":72,"loc":{"start":{"line":72,"column":24},"end":{"line":72,"column":26}},"locations":[{"start":{"line":72,"column":24},"end":{"line":72,"column":26}}]},"8":{"type":"branch","line":72,"loc":{"start":{"line":72,"column":70},"end":{"line":74,"column":9}},"locations":[{"start":{"line":72,"column":70},"end":{"line":74,"column":9}}]},"9":{"type":"branch","line":82,"loc":{"start":{"line":82,"column":71},"end":{"line":84,"column":9}},"locations":[{"start":{"line":82,"column":71},"end":{"line":84,"column":9}}]},"10":{"type":"branch","line":85,"loc":{"start":{"line":85,"column":24},"end":{"line":85,"column":26}},"locations":[{"start":{"line":85,"column":24},"end":{"line":85,"column":26}}]},"11":{"type":"branch","line":85,"loc":{"start":{"line":85,"column":70},"end":{"line":87,"column":9}},"locations":[{"start":{"line":85,"column":70},"end":{"line":87,"column":9}}]},"12":{"type":"branch","line":95,"loc":{"start":{"line":95,"column":73},"end":{"line":97,"column":9}},"locations":[{"start":{"line":95,"column":73},"end":{"line":97,"column":9}}]},"13":{"type":"branch","line":98,"loc":{"start":{"line":98,"column":25},"end":{"line":98,"column":27}},"locations":[{"start":{"line":98,"column":25},"end":{"line":98,"column":27}}]},"14":{"type":"branch","line":98,"loc":{"start":{"line":98,"column":72},"end":{"line":100,"column":9}},"locations":[{"start":{"line":98,"column":72},"end":{"line":100,"column":9}}]},"15":{"type":"branch","line":111,"loc":{"start":{"line":111,"column":71},"end":{"line":113,"column":9}},"locations":[{"start":{"line":111,"column":71},"end":{"line":113,"column":9}}]},"16":{"type":"branch","line":114,"loc":{"start":{"line":114,"column":24},"end":{"line":114,"column":26}},"locations":[{"start":{"line":114,"column":24},"end":{"line":114,"column":26}}]},"17":{"type":"branch","line":114,"loc":{"start":{"line":114,"column":70},"end":{"line":116,"column":9}},"locations":[{"start":{"line":114,"column":70},"end":{"line":116,"column":9}}]},"18":{"type":"branch","line":124,"loc":{"start":{"line":124,"column":53},"end":{"line":126,"column":9}},"locations":[{"start":{"line":124,"column":53},"end":{"line":126,"column":9}}]},"19":{"type":"branch","line":75,"loc":{"start":{"line":75,"column":38},"end":{"line":79,"column":13}},"locations":[{"start":{"line":75,"column":38},"end":{"line":79,"column":13}}]},"20":{"type":"branch","line":76,"loc":{"start":{"line":76,"column":33},"end":{"line":78,"column":17}},"locations":[{"start":{"line":76,"column":33},"end":{"line":78,"column":17}}]},"21":{"type":"branch","line":88,"loc":{"start":{"line":88,"column":38},"end":{"line":92,"column":13}},"locations":[{"start":{"line":88,"column":38},"end":{"line":92,"column":13}}]},"22":{"type":"branch","line":89,"loc":{"start":{"line":89,"column":32},"end":{"line":91,"column":17}},"locations":[{"start":{"line":89,"column":32},"end":{"line":91,"column":17}}]},"23":{"type":"branch","line":101,"loc":{"start":{"line":101,"column":39},"end":{"line":108,"column":13}},"locations":[{"start":{"line":101,"column":39},"end":{"line":108,"column":13}}]},"24":{"type":"branch","line":102,"loc":{"start":{"line":102,"column":32},"end":{"line":104,"column":17}},"locations":[{"start":{"line":102,"column":32},"end":{"line":104,"column":17}}]},"25":{"type":"branch","line":105,"loc":{"start":{"line":105,"column":32},"end":{"line":107,"column":17}},"locations":[{"start":{"line":105,"column":32},"end":{"line":107,"column":17}}]},"26":{"type":"branch","line":117,"loc":{"start":{"line":117,"column":38},"end":{"line":121,"column":13}},"locations":[{"start":{"line":117,"column":38},"end":{"line":121,"column":13}}]},"27":{"type":"branch","line":118,"loc":{"start":{"line":118,"column":32},"end":{"line":120,"column":17}},"locations":[{"start":{"line":118,"column":32},"end":{"line":120,"column":17}}]},"28":{"type":"branch","line":127,"loc":{"start":{"line":127,"column":30},"end":{"line":134,"column":13}},"locations":[{"start":{"line":127,"column":30},"end":{"line":134,"column":13}}]},"29":{"type":"branch","line":128,"loc":{"start":{"line":128,"column":32},"end":{"line":130,"column":17}},"locations":[{"start":{"line":128,"column":32},"end":{"line":130,"column":17}}]},"30":{"type":"branch","line":131,"loc":{"start":{"line":131,"column":31},"end":{"line":133,"column":17}},"locations":[{"start":{"line":131,"column":31},"end":{"line":133,"column":17}}]},"31":{"type":"branch","line":2,"loc":{"start":{"line":2,"column":11},"end":{"line":50,"column":5}},"locations":[{"start":{"line":2,"column":11},"end":{"line":50,"column":5}}]},"32":{"type":"branch","line":3,"loc":{"start":{"line":3,"column":21},"end":{"line":49,"column":9}},"locations":[{"start":{"line":3,"column":21},"end":{"line":49,"column":9}}]},"33":{"type":"branch","line":10,"loc":{"start":{"line":10,"column":39},"end":{"line":14,"column":17}},"locations":[{"start":{"line":10,"column":39},"end":{"line":14,"column":17}}]},"34":{"type":"branch","line":18,"loc":{"start":{"line":18,"column":39},"end":{"line":22,"column":17}},"locations":[{"start":{"line":18,"column":39},"end":{"line":22,"column":17}}]},"35":{"type":"branch","line":26,"loc":{"start":{"line":26,"column":40},"end":{"line":30,"column":17}},"locations":[{"start":{"line":26,"column":40},"end":{"line":30,"column":17}}]},"36":{"type":"branch","line":34,"loc":{"start":{"line":34,"column":39},"end":{"line":38,"column":17}},"locations":[{"start":{"line":34,"column":39},"end":{"line":38,"column":17}}]},"37":{"type":"branch","line":139,"loc":{"start":{"line":139,"column":11},"end":{"line":244,"column":5}},"locations":[{"start":{"line":139,"column":11},"end":{"line":244,"column":5}}]},"38":{"type":"branch","line":146,"loc":{"start":{"line":146,"column":19},"end":{"line":148,"column":9}},"locations":[{"start":{"line":146,"column":19},"end":{"line":148,"column":9}}]},"39":{"type":"branch","line":150,"loc":{"start":{"line":150,"column":67},"end":{"line":152,"column":9}},"locations":[{"start":{"line":150,"column":67},"end":{"line":152,"column":9}}]},"40":{"type":"branch","line":154,"loc":{"start":{"line":154,"column":72},"end":{"line":156,"column":9}},"locations":[{"start":{"line":154,"column":72},"end":{"line":156,"column":9}}]},"41":{"type":"branch","line":158,"loc":{"start":{"line":158,"column":66},"end":{"line":160,"column":9}},"locations":[{"start":{"line":158,"column":66},"end":{"line":160,"column":9}}]},"42":{"type":"branch","line":162,"loc":{"start":{"line":162,"column":37},"end":{"line":162,"column":39}},"locations":[{"start":{"line":162,"column":37},"end":{"line":162,"column":39}}]},"43":{"type":"branch","line":171,"loc":{"start":{"line":171,"column":9},"end":{"line":173,"column":9}},"locations":[{"start":{"line":171,"column":9},"end":{"line":173,"column":9}}]},"44":{"type":"branch","line":175,"loc":{"start":{"line":175,"column":66},"end":{"line":177,"column":9}},"locations":[{"start":{"line":175,"column":66},"end":{"line":177,"column":9}}]},"45":{"type":"branch","line":179,"loc":{"start":{"line":179,"column":37},"end":{"line":179,"column":39}},"locations":[{"start":{"line":179,"column":37},"end":{"line":179,"column":39}}]},"46":{"type":"branch","line":188,"loc":{"start":{"line":188,"column":9},"end":{"line":190,"column":9}},"locations":[{"start":{"line":188,"column":9},"end":{"line":190,"column":9}}]},"47":{"type":"branch","line":192,"loc":{"start":{"line":192,"column":68},"end":{"line":194,"column":9}},"locations":[{"start":{"line":192,"column":68},"end":{"line":194,"column":9}}]},"48":{"type":"branch","line":196,"loc":{"start":{"line":196,"column":38},"end":{"line":196,"column":40}},"locations":[{"start":{"line":196,"column":38},"end":{"line":196,"column":40}}]},"49":{"type":"branch","line":208,"loc":{"start":{"line":208,"column":9},"end":{"line":210,"column":9}},"locations":[{"start":{"line":208,"column":9},"end":{"line":210,"column":9}}]},"50":{"type":"branch","line":212,"loc":{"start":{"line":212,"column":66},"end":{"line":214,"column":9}},"locations":[{"start":{"line":212,"column":66},"end":{"line":214,"column":9}}]},"51":{"type":"branch","line":216,"loc":{"start":{"line":216,"column":37},"end":{"line":216,"column":39}},"locations":[{"start":{"line":216,"column":37},"end":{"line":216,"column":39}}]},"52":{"type":"branch","line":225,"loc":{"start":{"line":225,"column":9},"end":{"line":227,"column":9}},"locations":[{"start":{"line":225,"column":9},"end":{"line":227,"column":9}}]},"53":{"type":"branch","line":239,"loc":{"start":{"line":239,"column":9},"end":{"line":241,"column":9}},"locations":[{"start":{"line":239,"column":9},"end":{"line":241,"column":9}}]},"54":{"type":"branch","line":142,"loc":{"start":{"line":142,"column":30},"end":{"line":142,"column":98}},"locations":[{"start":{"line":142,"column":30},"end":{"line":142,"column":98}}]},"55":{"type":"branch","line":142,"loc":{"start":{"line":142,"column":71},"end":{"line":142,"column":98}},"locations":[{"start":{"line":142,"column":71},"end":{"line":142,"column":98}}]},"56":{"type":"branch","line":144,"loc":{"start":{"line":144,"column":30},"end":{"line":144,"column":85}},"locations":[{"start":{"line":144,"column":30},"end":{"line":144,"column":85}}]},"57":{"type":"branch","line":144,"loc":{"start":{"line":144,"column":71},"end":{"line":144,"column":85}},"locations":[{"start":{"line":144,"column":71},"end":{"line":144,"column":85}}]},"58":{"type":"branch","line":163,"loc":{"start":{"line":163,"column":36},"end":{"line":170,"column":11}},"locations":[{"start":{"line":163,"column":36},"end":{"line":170,"column":11}}]},"59":{"type":"branch","line":164,"loc":{"start":{"line":164,"column":23},"end":{"line":164,"column":50}},"locations":[{"start":{"line":164,"column":23},"end":{"line":164,"column":50}}]},"60":{"type":"branch","line":164,"loc":{"start":{"line":164,"column":52},"end":{"line":166,"column":13}},"locations":[{"start":{"line":164,"column":52},"end":{"line":166,"column":13}}]},"61":{"type":"branch","line":167,"loc":{"start":{"line":167,"column":44},"end":{"line":169,"column":13}},"locations":[{"start":{"line":167,"column":44},"end":{"line":169,"column":13}}]},"62":{"type":"branch","line":180,"loc":{"start":{"line":180,"column":36},"end":{"line":187,"column":11}},"locations":[{"start":{"line":180,"column":36},"end":{"line":187,"column":11}}]},"63":{"type":"branch","line":181,"loc":{"start":{"line":181,"column":23},"end":{"line":181,"column":50}},"locations":[{"start":{"line":181,"column":23},"end":{"line":181,"column":50}}]},"64":{"type":"branch","line":181,"loc":{"start":{"line":181,"column":52},"end":{"line":183,"column":13}},"locations":[{"start":{"line":181,"column":52},"end":{"line":183,"column":13}}]},"65":{"type":"branch","line":184,"loc":{"start":{"line":184,"column":43},"end":{"line":186,"column":13}},"locations":[{"start":{"line":184,"column":43},"end":{"line":186,"column":13}}]},"66":{"type":"branch","line":197,"loc":{"start":{"line":197,"column":37},"end":{"line":207,"column":11}},"locations":[{"start":{"line":197,"column":37},"end":{"line":207,"column":11}}]},"67":{"type":"branch","line":198,"loc":{"start":{"line":198,"column":23},"end":{"line":198,"column":50}},"locations":[{"start":{"line":198,"column":23},"end":{"line":198,"column":50}}]},"68":{"type":"branch","line":198,"loc":{"start":{"line":198,"column":52},"end":{"line":200,"column":13}},"locations":[{"start":{"line":198,"column":52},"end":{"line":200,"column":13}}]},"69":{"type":"branch","line":201,"loc":{"start":{"line":201,"column":43},"end":{"line":203,"column":13}},"locations":[{"start":{"line":201,"column":43},"end":{"line":203,"column":13}}]},"70":{"type":"branch","line":204,"loc":{"start":{"line":204,"column":43},"end":{"line":206,"column":13}},"locations":[{"start":{"line":204,"column":43},"end":{"line":206,"column":13}}]},"71":{"type":"branch","line":217,"loc":{"start":{"line":217,"column":36},"end":{"line":224,"column":11}},"locations":[{"start":{"line":217,"column":36},"end":{"line":224,"column":11}}]},"72":{"type":"branch","line":218,"loc":{"start":{"line":218,"column":23},"end":{"line":218,"column":50}},"locations":[{"start":{"line":218,"column":23},"end":{"line":218,"column":50}}]},"73":{"type":"branch","line":218,"loc":{"start":{"line":218,"column":52},"end":{"line":220,"column":13}},"locations":[{"start":{"line":218,"column":52},"end":{"line":220,"column":13}}]},"74":{"type":"branch","line":221,"loc":{"start":{"line":221,"column":43},"end":{"line":223,"column":13}},"locations":[{"start":{"line":221,"column":43},"end":{"line":223,"column":13}}]},"75":{"type":"branch","line":231,"loc":{"start":{"line":231,"column":28},"end":{"line":238,"column":11}},"locations":[{"start":{"line":231,"column":28},"end":{"line":238,"column":11}}]},"76":{"type":"branch","line":232,"loc":{"start":{"line":232,"column":43},"end":{"line":234,"column":13}},"locations":[{"start":{"line":232,"column":43},"end":{"line":234,"column":13}}]},"77":{"type":"branch","line":235,"loc":{"start":{"line":235,"column":42},"end":{"line":237,"column":13}},"locations":[{"start":{"line":235,"column":42},"end":{"line":237,"column":13}}]}},"b":{"0":[3],"1":[2],"2":[1],"3":[0],"4":[0],"5":[0],"6":[0],"7":[0],"8":[0],"9":[0],"10":[0],"11":[0],"12":[0],"13":[0],"14":[0],"15":[0],"16":[0],"17":[0],"18":[0],"19":[4],"20":[0],"21":[2],"22":[0],"23":[2],"24":[0],"25":[0],"26":[2],"27":[0],"28":[4],"29":[0],"30":[0],"31":[1],"32":[18],"33":[360],"34":[360],"35":[360],"36":[241],"37":[2],"38":[0],"39":[0],"40":[0],"41":[1],"42":[0],"43":[0],"44":[0],"45":[0],"46":[0],"47":[0],"48":[0],"49":[0],"50":[1],"51":[0],"52":[0],"53":[0],"54":[24],"55":[22],"56":[8],"57":[6],"58":[4],"59":[0],"60":[0],"61":[1],"62":[2],"63":[0],"64":[0],"65":[0],"66":[2],"67":[0],"68":[0],"69":[0],"70":[0],"71":[2],"72":[0],"73":[0],"74":[1],"75":[4],"76":[0],"77":[0]},"fnMap":{"0":{"name":"StandardizeData","decl":{"start":{"line":1,"column":0},"end":{"line":245,"column":1}},"loc":{"start":{"line":1,"column":0},"end":{"line":245,"column":1}},"line":1},"1":{"name":"StandardizeData.standardizePostCharacter","decl":{"start":{"line":52,"column":38},"end":{"line":137,"column":5}},"loc":{"start":{"line":52,"column":38},"end":{"line":137,"column":5}},"line":52},"2":{"name":"standardize","decl":{"start":{"line":2,"column":11},"end":{"line":50,"column":5}},"loc":{"start":{"line":2,"column":11},"end":{"line":50,"column":5}},"line":2},"3":{"name":"standardizePatchCharacter","decl":{"start":{"line":139,"column":11},"end":{"line":244,"column":5}},"loc":{"start":{"line":139,"column":11},"end":{"line":244,"column":5}},"line":139},"4":{"name":"isValidString","decl":{"start":{"line":142,"column":30},"end":{"line":142,"column":98}},"loc":{"start":{"line":142,"column":30},"end":{"line":142,"column":98}},"line":142},"5":{"name":"isValidNumber","decl":{"start":{"line":144,"column":30},"end":{"line":144,"column":85}},"loc":{"start":{"line":144,"column":30},"end":{"line":144,"column":85}},"line":144}},"f":{"0":3,"1":2,"2":1,"3":2,"4":24,"5":8}}
,"C:\\desafio_profissional_bussola\\age-of-ultron-back-end-\\src\\utils\\validate-fields.ts": {"path":"C:\\desafio_profissional_bussola\\age-of-ultron-back-end-\\src\\utils\\validate-fields.ts","all":false,"statementMap":{"0":{"start":{"line":1,"column":0},"end":{"line":1,"column":72}},"1":{"start":{"line":2,"column":0},"end":{"line":2,"column":0}},"2":{"start":{"line":3,"column":0},"end":{"line":3,"column":29}},"3":{"start":{"line":4,"column":0},"end":{"line":4,"column":50}},"4":{"start":{"line":5,"column":0},"end":{"line":5,"column":55}},"5":{"start":{"line":6,"column":0},"end":{"line":6,"column":30}},"6":{"start":{"line":7,"column":0},"end":{"line":7,"column":5}},"7":{"start":{"line":8,"column":0},"end":{"line":8,"column":1}}},"s":{"0":1,"1":1,"2":1,"3":1,"4":0,"5":0,"6":0,"7":1},"branchMap":{},"b":{},"fnMap":{"0":{"name":"validateEmail","decl":{"start":{"line":4,"column":11},"end":{"line":7,"column":5}},"loc":{"start":{"line":4,"column":11},"end":{"line":7,"column":5}},"line":4}},"f":{"0":0}}
}
