TN:
SF:app.ts
FN:16,App
FN:23,middleware
FN:29,database
FN:39,routes
FNF:4
FNH:4
FNDA:3,App
FNDA:3,middleware
FNDA:3,database
FNDA:3,routes
DA:1,1
DA:2,1
DA:3,1
DA:4,1
DA:5,1
DA:6,1
DA:7,1
DA:8,1
DA:9,1
DA:10,1
DA:11,1
DA:12,1
DA:13,1
DA:14,1
DA:15,1
DA:16,1
DA:17,3
DA:18,3
DA:19,3
DA:20,3
DA:21,3
DA:22,1
DA:23,1
DA:24,3
DA:25,3
DA:26,3
DA:27,3
DA:28,1
DA:29,1
DA:30,3
DA:31,3
DA:32,3
DA:33,3
DA:34,3
DA:35,0
DA:36,3
DA:37,3
DA:38,1
DA:39,1
DA:40,3
DA:41,3
DA:42,1
DA:43,1
DA:44,1
LF:44
LH:43
BRDA:16,0,0,3
BRDA:23,1,0,3
BRDA:29,2,0,3
BRDA:31,3,0,3
BRDA:39,4,0,3
BRF:5
BRH:5
end_of_record
TN:
SF:src\classes\comic-full.class.ts
FN:7,ComicFullClass
FNF:1
FNH:1
FNDA:32,ComicFullClass
DA:1,1
DA:2,1
DA:3,1
DA:4,1
DA:5,1
DA:6,1
DA:7,1
DA:8,32
DA:9,32
DA:10,32
DA:11,32
DA:12,32
DA:13,32
DA:14,1
LF:14
LH:14
BRDA:7,0,0,32
BRF:1
BRH:1
end_of_record
TN:
SF:src\classes\comic.class.ts
FN:4,ComicClass
FNF:1
FNH:1
FNDA:602,ComicClass
DA:1,1
DA:2,1
DA:3,1
DA:4,1
DA:5,602
DA:6,602
DA:7,602
DA:8,1
LF:8
LH:8
BRDA:4,0,0,602
BRF:1
BRH:1
end_of_record
TN:
SF:src\classes\comics.class.ts
FN:9,ComicsClass
FNF:1
FNH:1
FNDA:22,ComicsClass
DA:1,1
DA:2,1
DA:3,1
DA:4,1
DA:5,1
DA:6,1
DA:7,1
DA:8,1
DA:9,1
DA:10,22
DA:11,22
DA:12,22
DA:13,22
DA:14,22
DA:15,22
DA:16,22
DA:17,22
DA:18,22
DA:19,22
DA:20,22
DA:21,22
DA:22,22
DA:23,22
DA:24,1
LF:24
LH:24
BRDA:9,0,0,22
BRF:1
BRH:1
end_of_record
TN:
SF:src\classes\creator.class.ts
FN:13,CreatorClass
FNF:1
FNH:1
FNDA:32,CreatorClass
DA:1,1
DA:2,1
DA:3,1
DA:4,1
DA:5,1
DA:6,1
DA:7,1
DA:8,1
DA:9,1
DA:10,1
DA:11,1
DA:12,1
DA:13,1
DA:14,32
DA:15,32
DA:16,32
DA:17,32
DA:18,32
DA:19,32
DA:20,32
DA:21,32
DA:22,32
DA:23,32
DA:24,32
DA:25,32
DA:26,32
DA:27,32
DA:28,32
DA:29,32
DA:30,1
LF:30
LH:30
BRDA:13,0,0,32
BRF:1
BRH:1
end_of_record
TN:
SF:src\controllers\character.controller.ts
FN:5,create
FN:10,getCharacterById
FN:15,getAllCharacters
FN:20,postCharacter
FN:25,patchCharacter
FN:30,deleteCharacter
FN:35,getMostComics
FN:40,getMostEvents
FN:45,getMostSeries
FNF:9
FNH:9
FNDA:1,create
FNDA:2,getCharacterById
FNDA:1,getAllCharacters
FNDA:2,postCharacter
FNDA:2,patchCharacter
FNDA:1,deleteCharacter
FNDA:1,getMostComics
FNDA:1,getMostEvents
FNDA:1,getMostSeries
DA:1,1
DA:2,1
DA:3,1
DA:4,1
DA:5,1
DA:6,1
DA:7,1
DA:8,1
DA:9,1
DA:10,1
DA:11,2
DA:12,2
DA:13,2
DA:14,1
DA:15,1
DA:16,1
DA:17,1
DA:18,1
DA:19,1
DA:20,1
DA:21,2
DA:22,2
DA:23,2
DA:24,1
DA:25,1
DA:26,2
DA:27,2
DA:28,2
DA:29,1
DA:30,1
DA:31,1
DA:32,1
DA:33,1
DA:34,1
DA:35,1
DA:36,1
DA:37,1
DA:38,1
DA:39,1
DA:40,1
DA:41,1
DA:42,1
DA:43,1
DA:44,1
DA:45,1
DA:46,1
DA:47,1
DA:48,1
DA:49,1
DA:50,1
DA:51,1
LF:51
LH:51
BRDA:5,0,0,1
BRDA:10,1,0,2
BRDA:15,2,0,1
BRDA:20,3,0,2
BRDA:25,4,0,2
BRDA:30,5,0,1
BRDA:35,6,0,1
BRDA:40,7,0,1
BRDA:45,8,0,1
BRF:9
BRH:9
end_of_record
TN:
SF:src\controllers\comic.controller.ts
FN:5,createFromApi
FN:14,create
FN:19,getComicByIds
FN:25,updateComicById
FN:30,deleteComic
FN:36,getNameOffAllComics
FN:41,getComicHighestNumberOfPages
FNF:7
FNH:7
FNDA:1,createFromApi
FNDA:4,create
FNDA:6,getComicByIds
FNDA:1,updateComicById
FNDA:4,deleteComic
FNDA:2,getNameOffAllComics
FNDA:1,getComicHighestNumberOfPages
DA:1,1
DA:2,1
DA:3,1
DA:4,1
DA:5,1
DA:6,1
DA:7,1
DA:8,0
DA:9,0
DA:10,1
DA:11,1
DA:12,1
DA:13,1
DA:14,1
DA:15,4
DA:16,4
DA:17,4
DA:18,1
DA:19,1
DA:20,6
DA:21,6
DA:22,6
DA:23,6
DA:24,1
DA:25,1
DA:26,1
DA:27,1
DA:28,1
DA:29,1
DA:30,1
DA:31,4
DA:32,4
DA:33,4
DA:34,1
DA:35,1
DA:36,1
DA:37,2
DA:38,2
DA:39,2
DA:40,1
DA:41,1
DA:42,1
DA:43,1
DA:44,1
DA:45,1
DA:46,1
DA:47,1
LF:47
LH:45
BRDA:5,0,0,1
BRDA:7,1,0,0
BRDA:14,2,0,4
BRDA:19,3,0,6
BRDA:25,4,0,1
BRDA:30,5,0,4
BRDA:36,6,0,2
BRDA:41,7,0,1
BRF:8
BRH:7
end_of_record
TN:
SF:src\controllers\creator.controller.ts
FN:5,createFromApi
FN:14,create
FN:19,delete
FN:24,update
FN:29,getCreatorByIds
FN:35,getAllCreators
FN:40,getCreatorWithTheMostCreations
FNF:7
FNH:7
FNDA:1,createFromApi
FNDA:4,create
FNDA:4,delete
FNDA:1,update
FNDA:6,getCreatorByIds
FNDA:1,getAllCreators
FNDA:1,getCreatorWithTheMostCreations
DA:1,1
DA:2,1
DA:3,1
DA:4,1
DA:5,1
DA:6,1
DA:7,1
DA:8,0
DA:9,0
DA:10,1
DA:11,1
DA:12,1
DA:13,1
DA:14,1
DA:15,4
DA:16,4
DA:17,4
DA:18,1
DA:19,1
DA:20,4
DA:21,4
DA:22,4
DA:23,1
DA:24,1
DA:25,1
DA:26,1
DA:27,1
DA:28,1
DA:29,1
DA:30,6
DA:31,6
DA:32,6
DA:33,6
DA:34,1
DA:35,1
DA:36,1
DA:37,1
DA:38,1
DA:39,1
DA:40,1
DA:41,1
DA:42,1
DA:43,1
DA:44,1
DA:45,1
DA:46,1
DA:47,1
LF:47
LH:45
BRDA:5,0,0,1
BRDA:7,1,0,0
BRDA:14,2,0,4
BRDA:19,3,0,4
BRDA:24,4,0,1
BRDA:29,5,0,6
BRDA:35,6,0,1
BRDA:40,7,0,1
BRF:8
BRH:7
end_of_record
TN:
SF:src\controllers\event.controller.ts
FN:5,create
FNF:1
FNH:0
FNDA:0,create
DA:1,1
DA:2,1
DA:3,1
DA:4,1
DA:5,1
DA:6,0
DA:7,0
DA:8,0
DA:9,0
DA:10,1
DA:11,1
DA:12,1
LF:12
LH:8
BRF:0
BRH:0
end_of_record
TN:
SF:src\enums\collections.enum.ts
FNF:0
FNH:0
DA:1,5
DA:2,5
DA:3,5
DA:4,5
DA:5,5
DA:6,5
DA:7,5
DA:8,5
LF:8
LH:8
BRDA:1,0,0,5
BRF:1
BRH:1
end_of_record
TN:
SF:src\enums\errors.enum.ts
FNF:0
FNH:0
DA:1,5
DA:2,5
DA:3,5
DA:4,5
DA:5,5
DA:6,5
DA:7,5
DA:8,5
DA:9,5
DA:10,5
DA:11,5
DA:12,5
DA:13,5
DA:14,5
DA:15,5
DA:16,5
DA:17,5
DA:18,5
DA:19,5
DA:20,5
DA:21,5
DA:22,5
DA:23,5
DA:24,5
DA:25,5
DA:26,5
DA:27,5
DA:28,5
DA:29,5
DA:30,5
DA:31,5
LF:31
LH:31
BRDA:1,0,0,5
BRF:1
BRH:1
end_of_record
TN:
SF:src\enums\http-status.enum.ts
FNF:0
FNH:0
DA:1,5
DA:2,5
DA:3,5
DA:4,5
DA:5,5
DA:6,5
DA:7,5
DA:8,5
DA:9,5
DA:10,5
DA:11,5
DA:12,5
DA:13,5
DA:14,5
DA:15,5
DA:16,5
DA:17,5
DA:18,5
DA:19,5
DA:20,5
DA:21,5
DA:22,5
DA:23,5
DA:24,5
DA:25,5
DA:26,5
DA:27,5
DA:28,5
DA:29,5
DA:30,5
DA:31,5
DA:32,5
DA:33,5
DA:34,5
DA:35,5
DA:36,5
DA:37,5
DA:38,5
DA:39,5
DA:40,5
DA:41,5
DA:42,5
DA:43,5
DA:44,5
DA:45,5
DA:46,5
DA:47,5
DA:48,5
DA:49,5
DA:50,5
LF:50
LH:50
BRDA:1,0,0,5
BRF:1
BRH:1
end_of_record
TN:
SF:src\enums\messages.enum.ts
FNF:0
FNH:0
DA:1,5
DA:2,5
DA:3,5
DA:4,5
DA:5,5
DA:6,5
DA:7,5
DA:8,5
DA:9,5
DA:10,5
DA:11,5
DA:12,5
DA:13,5
DA:14,5
DA:15,5
DA:16,5
DA:17,5
DA:18,5
DA:19,5
DA:20,5
DA:21,5
DA:22,5
DA:23,5
DA:24,5
DA:25,5
DA:26,5
DA:27,5
DA:28,5
DA:29,5
LF:29
LH:29
BRDA:1,0,0,5
BRF:1
BRH:1
end_of_record
TN:
SF:src\repositories\character.repository.ts
FN:6,CharacterRepository
FN:10,findByCharacterId
FN:20,findWithMostComics
FN:30,getAllCharacters
FNF:4
FNH:4
FNDA:3,CharacterRepository
FNDA:21,findByCharacterId
FNDA:1,findWithMostComics
FNDA:1,getAllCharacters
DA:1,1
DA:2,1
DA:3,1
DA:4,1
DA:5,1
DA:6,1
DA:7,3
DA:8,3
DA:9,1
DA:10,1
DA:11,21
DA:12,21
DA:13,21
DA:14,21
DA:15,21
DA:16,0
DA:17,21
DA:18,21
DA:19,1
DA:20,1
DA:21,1
DA:22,1
DA:23,1
DA:24,1
DA:25,1
DA:26,0
DA:27,1
DA:28,1
DA:29,1
DA:30,1
DA:31,1
DA:32,1
DA:33,1
DA:34,1
DA:35,1
DA:36,0
DA:37,1
DA:38,1
DA:39,1
LF:39
LH:36
BRDA:6,0,0,3
BRDA:10,1,0,21
BRDA:12,2,0,21
BRDA:20,3,0,1
BRDA:22,4,0,1
BRDA:30,5,0,1
BRDA:32,6,0,1
BRF:7
BRH:7
end_of_record
TN:
SF:src\repositories\comic.repository.ts
FN:7,ComicRepository
FN:11,findByComicId
FN:21,findAllComics
FN:31,findComicByIds
FN:46,getTitleOfComics
FNF:5
FNH:5
FNDA:4,ComicRepository
FNDA:26,findByComicId
FNDA:1,findAllComics
FNDA:12,findComicByIds
FNDA:2,getTitleOfComics
DA:1,1
DA:2,1
DA:3,1
DA:4,1
DA:5,1
DA:6,1
DA:7,1
DA:8,4
DA:9,4
DA:10,1
DA:11,1
DA:12,26
DA:13,26
DA:14,26
DA:15,26
DA:16,26
DA:17,0
DA:18,26
DA:19,26
DA:20,1
DA:21,1
DA:22,1
DA:23,1
DA:24,1
DA:25,1
DA:26,1
DA:27,0
DA:28,1
DA:29,1
DA:30,1
DA:31,1
DA:32,12
DA:33,10
DA:34,10
DA:35,10
DA:36,10
DA:37,10
DA:38,0
DA:39,10
DA:40,12
DA:41,2
DA:42,2
DA:43,12
DA:44,12
DA:45,1
DA:46,1
DA:47,2
DA:48,2
DA:49,2
DA:50,2
DA:51,2
DA:52,0
DA:53,2
DA:54,2
DA:55,1
LF:55
LH:51
BRDA:7,0,0,4
BRDA:11,1,0,26
BRDA:13,2,0,26
BRDA:21,3,0,1
BRDA:23,4,0,1
BRDA:31,5,0,12
BRDA:32,6,0,10
BRDA:40,7,0,2
BRDA:34,8,0,10
BRDA:46,9,0,2
BRDA:48,10,0,2
BRF:11
BRH:11
end_of_record
TN:
SF:src\repositories\creator.repository.ts
FN:7,CreatorRepository
FN:11,findByCreatorId
FN:21,findByCreatorIds
FNF:3
FNH:3
FNDA:4,CreatorRepository
FNDA:36,findByCreatorId
FNDA:12,findByCreatorIds
DA:1,1
DA:2,1
DA:3,1
DA:4,1
DA:5,1
DA:6,1
DA:7,1
DA:8,4
DA:9,4
DA:10,1
DA:11,1
DA:12,36
DA:13,36
DA:14,36
DA:15,36
DA:16,36
DA:17,0
DA:18,36
DA:19,36
DA:20,1
DA:21,1
DA:22,12
DA:23,10
DA:24,10
DA:25,10
DA:26,10
DA:27,10
DA:28,0
DA:29,10
DA:30,12
DA:31,2
DA:32,2
DA:33,12
DA:34,1
LF:34
LH:32
BRDA:7,0,0,4
BRDA:11,1,0,36
BRDA:13,2,0,36
BRDA:21,3,0,12
BRDA:22,4,0,10
BRDA:30,5,0,2
BRDA:24,6,0,10
BRF:7
BRH:7
end_of_record
TN:
SF:src\repositories\event.repository.ts
FN:6,EventRepository
FN:10,findByEventId
FNF:2
FNH:1
FNDA:3,EventRepository
FNDA:0,findByEventId
DA:1,1
DA:2,1
DA:3,1
DA:4,1
DA:5,1
DA:6,1
DA:7,3
DA:8,3
DA:9,1
DA:10,1
DA:11,0
DA:12,0
DA:13,0
DA:14,0
DA:15,0
DA:16,0
DA:17,0
DA:18,0
DA:19,1
LF:19
LH:11
BRDA:6,0,0,3
BRF:1
BRH:1
end_of_record
TN:
SF:src\repositories\generic\generic-repository.repository.ts
FN:5,GenericRepository
FN:7,count
FN:11,delete
FN:15,create
FN:19,find
FN:23,findOne
FN:27,findById
FN:31,findByIdAndUpdate
FN:35,findByIdAndDelete
FN:39,deleteOne
FN:43,updateOne
FN:46,aggregate
FN:56,insertMany
FN:66,findMostComics
FN:72,findWithMostEvents
FN:78,findWithMostSeries
FNF:16
FNH:10
FNDA:14,GenericRepository
FNDA:0,count
FNDA:8,delete
FNDA:9,create
FNDA:6,find
FNDA:103,findOne
FNDA:0,findById
FNDA:0,findByIdAndUpdate
FNDA:0,findByIdAndDelete
FNDA:1,deleteOne
FNDA:3,updateOne
FNDA:0,aggregate
FNDA:0,insertMany
FNDA:1,findMostComics
FNDA:1,findWithMostEvents
FNDA:1,findWithMostSeries
DA:1,1
DA:2,1
DA:3,1
DA:4,1
DA:5,1
DA:6,1
DA:7,1
DA:8,0
DA:9,0
DA:10,1
DA:11,1
DA:12,8
DA:13,8
DA:14,1
DA:15,1
DA:16,9
DA:17,9
DA:18,1
DA:19,1
DA:20,6
DA:21,6
DA:22,1
DA:23,1
DA:24,103
DA:25,103
DA:26,1
DA:27,1
DA:28,0
DA:29,0
DA:30,1
DA:31,1
DA:32,0
DA:33,0
DA:34,1
DA:35,1
DA:36,0
DA:37,0
DA:38,1
DA:39,1
DA:40,1
DA:41,1
DA:42,1
DA:43,1
DA:44,3
DA:45,3
DA:46,1
DA:47,0
DA:48,0
DA:49,0
DA:50,0
DA:51,0
DA:52,0
DA:53,0
DA:54,0
DA:55,1
DA:56,1
DA:57,0
DA:58,0
DA:59,0
DA:60,0
DA:61,0
DA:62,0
DA:63,0
DA:64,0
DA:65,1
DA:66,1
DA:67,1
DA:68,1
DA:69,1
DA:70,1
DA:71,1
DA:72,1
DA:73,1
DA:74,1
DA:75,1
DA:76,1
DA:77,1
DA:78,1
DA:79,1
DA:80,1
DA:81,1
DA:82,1
DA:83,1
LF:83
LH:59
BRDA:5,0,0,14
BRDA:11,1,0,8
BRDA:15,2,0,9
BRDA:19,3,0,6
BRDA:23,4,0,103
BRDA:39,5,0,1
BRDA:43,6,0,3
BRDA:66,7,0,1
BRDA:72,8,0,1
BRDA:78,9,0,1
BRF:10
BRH:10
end_of_record
TN:
SF:src\routes\routes.ts
FNF:0
FNH:0
DA:1,1
DA:2,1
DA:3,1
DA:4,1
DA:5,1
DA:6,1
DA:7,1
DA:8,1
DA:9,1
DA:10,1
DA:11,1
DA:12,1
DA:13,1
DA:14,1
DA:15,1
DA:16,1
DA:17,1
DA:18,1
DA:19,1
DA:20,1
DA:21,1
DA:22,1
DA:23,1
DA:24,1
DA:25,1
DA:26,1
DA:27,1
DA:28,1
DA:29,1
DA:30,1
DA:31,1
DA:32,1
DA:33,1
DA:34,1
DA:35,1
DA:36,1
DA:37,1
DA:38,1
DA:39,1
DA:40,1
DA:41,1
DA:42,1
DA:43,1
DA:44,1
DA:45,1
DA:46,1
DA:47,1
DA:48,1
DA:49,1
DA:50,1
DA:51,1
DA:52,1
DA:53,1
DA:54,1
DA:55,1
DA:56,1
DA:57,1
DA:58,1
DA:59,1
DA:60,1
DA:61,1
DA:62,1
DA:63,1
DA:64,1
DA:65,1
DA:66,1
DA:67,1
DA:68,1
DA:69,1
DA:70,1
DA:71,1
DA:72,1
DA:73,1
DA:74,1
DA:75,1
DA:76,1
DA:77,1
DA:78,1
DA:79,1
DA:80,1
DA:81,1
DA:82,1
DA:83,1
DA:84,1
DA:85,1
DA:86,1
DA:87,1
DA:88,1
DA:89,1
DA:90,1
DA:91,1
DA:92,1
DA:93,1
DA:94,1
DA:95,1
DA:96,1
DA:97,1
DA:98,1
DA:99,1
DA:100,1
DA:101,1
DA:102,1
DA:103,1
DA:104,1
DA:105,1
DA:106,1
DA:107,1
DA:108,1
DA:109,1
DA:110,1
DA:111,1
DA:112,1
DA:113,1
DA:114,1
DA:115,1
DA:116,1
DA:117,1
DA:118,1
DA:119,1
DA:120,1
DA:121,1
DA:122,1
DA:123,1
DA:124,1
DA:125,1
DA:126,1
DA:127,1
DA:128,1
DA:129,1
DA:130,1
DA:131,1
DA:132,1
DA:133,1
DA:134,1
DA:135,1
DA:136,1
DA:137,1
DA:138,1
DA:139,1
DA:140,1
DA:141,1
DA:142,1
DA:143,1
DA:144,1
DA:145,1
DA:146,1
DA:147,1
DA:148,1
DA:149,1
DA:150,1
DA:151,1
DA:152,1
DA:153,1
DA:154,1
DA:155,1
DA:156,1
DA:157,1
DA:158,1
DA:159,1
DA:160,1
DA:161,1
DA:162,1
DA:163,1
DA:164,1
DA:165,1
DA:166,1
DA:167,1
DA:168,1
DA:169,1
DA:170,1
DA:171,1
DA:172,1
DA:173,1
DA:174,1
DA:175,1
DA:176,1
DA:177,1
DA:178,1
DA:179,1
DA:180,1
DA:181,1
DA:182,1
DA:183,1
DA:184,1
DA:185,1
DA:186,1
DA:187,1
DA:188,1
DA:189,1
DA:190,1
DA:191,1
DA:192,1
DA:193,1
DA:194,1
DA:195,1
DA:196,1
DA:197,1
DA:198,1
DA:199,1
DA:200,1
DA:201,1
DA:202,1
DA:203,1
DA:204,1
DA:205,1
DA:206,1
DA:207,1
DA:208,1
DA:209,1
DA:210,1
DA:211,1
DA:212,1
DA:213,1
DA:214,1
DA:215,1
DA:216,1
DA:217,1
DA:218,1
DA:219,1
DA:220,1
DA:221,1
DA:222,1
DA:223,1
DA:224,1
DA:225,1
DA:226,1
DA:227,1
DA:228,1
DA:229,1
DA:230,1
DA:231,1
DA:232,1
DA:233,1
DA:234,1
DA:235,1
DA:236,1
DA:237,1
DA:238,1
DA:239,1
DA:240,1
DA:241,1
DA:242,1
DA:243,1
DA:244,1
DA:245,1
DA:246,1
DA:247,1
DA:248,1
DA:249,1
DA:250,1
DA:251,1
DA:252,1
DA:253,1
DA:254,1
DA:255,1
DA:256,1
DA:257,1
DA:258,1
DA:259,1
DA:260,1
DA:261,1
DA:262,1
DA:263,1
DA:264,1
DA:265,1
DA:266,1
DA:267,1
DA:268,1
DA:269,1
DA:270,1
DA:271,1
DA:272,1
DA:273,1
DA:274,1
DA:275,1
DA:276,1
DA:277,1
DA:278,1
DA:279,1
DA:280,1
DA:281,1
DA:282,1
DA:283,1
DA:284,1
DA:285,1
DA:286,1
DA:287,1
DA:288,1
DA:289,1
DA:290,1
DA:291,1
DA:292,1
DA:293,1
DA:294,1
DA:295,1
DA:296,1
DA:297,1
DA:298,1
DA:299,1
DA:300,1
DA:301,1
DA:302,1
DA:303,1
DA:304,1
DA:305,1
DA:306,1
DA:307,1
DA:308,1
DA:309,1
DA:310,1
DA:311,1
DA:312,1
DA:313,1
DA:314,1
DA:315,1
DA:316,1
DA:317,1
DA:318,1
DA:319,1
DA:320,1
DA:321,1
DA:322,1
DA:323,1
DA:324,1
DA:325,1
DA:326,1
DA:327,1
DA:328,1
DA:329,1
DA:330,1
DA:331,1
DA:332,1
DA:333,1
DA:334,1
DA:335,1
DA:336,1
DA:337,1
DA:338,1
DA:339,1
DA:340,1
DA:341,1
DA:342,1
DA:343,1
DA:344,1
DA:345,1
DA:346,1
DA:347,1
DA:348,1
DA:349,1
DA:350,1
DA:351,1
DA:352,1
DA:353,1
DA:354,1
DA:355,1
DA:356,1
DA:357,1
DA:358,1
DA:359,1
DA:360,1
DA:361,1
DA:362,1
DA:363,1
DA:364,1
DA:365,1
DA:366,1
DA:367,1
DA:368,1
DA:369,1
DA:370,1
DA:371,1
DA:372,1
DA:373,1
DA:374,1
DA:375,1
DA:376,1
DA:377,1
DA:378,1
DA:379,1
DA:380,1
DA:381,1
DA:382,1
DA:383,1
DA:384,1
DA:385,1
DA:386,1
DA:387,1
DA:388,1
DA:389,1
DA:390,1
DA:391,1
DA:392,1
DA:393,1
DA:394,1
DA:395,1
DA:396,1
DA:397,1
DA:398,1
DA:399,1
DA:400,1
DA:401,1
DA:402,1
DA:403,1
DA:404,1
DA:405,1
DA:406,1
DA:407,1
DA:408,1
DA:409,1
DA:410,1
DA:411,1
DA:412,1
DA:413,1
DA:414,1
DA:415,1
DA:416,1
DA:417,1
DA:418,1
DA:419,1
DA:420,1
DA:421,1
DA:422,1
DA:423,1
DA:424,1
DA:425,1
DA:426,1
DA:427,1
DA:428,1
DA:429,1
DA:430,1
DA:431,1
DA:432,1
DA:433,1
DA:434,1
DA:435,1
DA:436,1
DA:437,1
DA:438,1
DA:439,1
DA:440,1
DA:441,1
DA:442,1
DA:443,1
DA:444,1
DA:445,1
DA:446,1
DA:447,1
DA:448,1
DA:449,1
DA:450,1
DA:451,1
DA:452,1
DA:453,1
DA:454,1
DA:455,1
DA:456,1
DA:457,1
DA:458,1
DA:459,1
DA:460,1
DA:461,1
DA:462,1
DA:463,1
DA:464,1
DA:465,1
DA:466,1
DA:467,1
DA:468,1
DA:469,1
DA:470,1
DA:471,1
DA:472,1
DA:473,1
DA:474,1
DA:475,1
DA:476,1
DA:477,1
DA:478,1
DA:479,1
DA:480,1
DA:481,1
DA:482,1
DA:483,1
DA:484,1
DA:485,1
DA:486,1
DA:487,1
DA:488,1
DA:489,1
DA:490,1
DA:491,1
DA:492,1
DA:493,1
DA:494,1
DA:495,1
DA:496,1
DA:497,1
DA:498,1
DA:499,1
DA:500,1
DA:501,1
DA:502,1
DA:503,1
DA:504,1
DA:505,1
DA:506,1
DA:507,1
DA:508,1
DA:509,1
DA:510,1
DA:511,1
DA:512,1
DA:513,1
DA:514,1
DA:515,1
DA:516,1
DA:517,1
DA:518,1
DA:519,1
DA:520,1
DA:521,1
DA:522,1
DA:523,1
DA:524,1
DA:525,1
DA:526,1
DA:527,1
DA:528,1
DA:529,1
DA:530,1
DA:531,1
DA:532,1
DA:533,1
DA:534,1
DA:535,1
DA:536,1
DA:537,1
DA:538,1
DA:539,1
DA:540,1
DA:541,1
DA:542,1
DA:543,1
DA:544,1
DA:545,1
DA:546,1
DA:547,1
DA:548,1
DA:549,1
DA:550,1
DA:551,1
DA:552,1
DA:553,1
DA:554,1
DA:555,1
DA:556,1
DA:557,1
DA:558,1
DA:559,1
DA:560,1
DA:561,1
DA:562,1
DA:563,1
DA:564,1
DA:565,1
DA:566,1
DA:567,1
DA:568,1
DA:569,1
DA:570,1
DA:571,1
DA:572,1
DA:573,1
DA:574,1
DA:575,1
DA:576,1
DA:577,1
DA:578,1
DA:579,1
DA:580,1
DA:581,1
DA:582,1
DA:583,1
DA:584,1
DA:585,1
DA:586,1
DA:587,1
DA:588,1
DA:589,1
DA:590,1
DA:591,1
DA:592,1
DA:593,1
DA:594,1
DA:595,1
DA:596,1
DA:597,1
DA:598,1
DA:599,1
DA:600,1
DA:601,1
DA:602,1
DA:603,1
DA:604,1
DA:605,1
DA:606,1
DA:607,1
DA:608,1
DA:609,1
DA:610,1
DA:611,1
DA:612,1
DA:613,1
DA:614,1
DA:615,1
DA:616,1
DA:617,1
DA:618,1
DA:619,1
DA:620,1
DA:621,1
DA:622,1
DA:623,1
DA:624,1
DA:625,1
DA:626,1
DA:627,1
DA:628,1
DA:629,1
DA:630,1
DA:631,1
DA:632,1
DA:633,1
DA:634,1
DA:635,1
DA:636,1
DA:637,1
DA:638,1
DA:639,1
DA:640,1
DA:641,1
DA:642,1
DA:643,1
DA:644,1
DA:645,1
DA:646,1
DA:647,1
DA:648,1
DA:649,1
DA:650,1
DA:651,1
DA:652,1
DA:653,1
DA:654,1
DA:655,1
DA:656,1
DA:657,1
DA:658,1
DA:659,1
DA:660,1
DA:661,1
DA:662,1
DA:663,1
DA:664,1
DA:665,1
DA:666,1
DA:667,1
DA:668,1
DA:669,1
DA:670,1
DA:671,1
DA:672,1
DA:673,1
DA:674,1
DA:675,1
DA:676,1
DA:677,1
DA:678,1
DA:679,1
DA:680,1
DA:681,1
DA:682,1
DA:683,1
DA:684,1
DA:685,1
DA:686,1
DA:687,1
DA:688,1
DA:689,1
DA:690,1
DA:691,1
DA:692,1
DA:693,1
DA:694,1
DA:695,1
DA:696,1
DA:697,1
DA:698,1
DA:699,1
DA:700,1
DA:701,1
DA:702,1
DA:703,1
DA:704,1
DA:705,1
DA:706,1
DA:707,1
DA:708,1
DA:709,1
DA:710,1
DA:711,1
DA:712,1
DA:713,1
DA:714,1
DA:715,1
DA:716,1
DA:717,1
DA:718,1
DA:719,1
LF:719
LH:719
BRF:0
BRH:0
end_of_record
TN:
SF:src\schemas\characters.schema.ts
FNF:0
FNH:0
DA:1,1
DA:2,1
DA:3,1
DA:4,1
DA:5,1
DA:6,1
DA:7,1
DA:8,1
DA:9,1
DA:10,1
DA:11,1
DA:12,1
DA:13,1
DA:14,1
DA:15,1
DA:16,1
DA:17,1
DA:18,1
DA:19,1
DA:20,1
DA:21,1
DA:22,1
DA:23,1
DA:24,1
DA:25,1
DA:26,1
DA:27,1
DA:28,1
DA:29,1
DA:30,1
DA:31,1
DA:32,1
DA:33,1
DA:34,1
DA:35,1
DA:36,1
DA:37,1
DA:38,1
DA:39,1
DA:40,1
DA:41,1
DA:42,1
DA:43,1
DA:44,1
DA:45,1
DA:46,1
DA:47,1
DA:48,1
DA:49,1
DA:50,1
DA:51,1
DA:52,1
DA:53,1
DA:54,1
DA:55,1
DA:56,1
DA:57,1
DA:58,1
DA:59,1
DA:60,1
DA:61,1
DA:62,1
DA:63,1
DA:64,1
DA:65,1
DA:66,1
DA:67,1
DA:68,1
DA:69,1
DA:70,1
DA:71,1
DA:72,1
DA:73,1
DA:74,1
DA:75,1
DA:76,1
DA:77,1
DA:78,1
DA:79,1
DA:80,1
DA:81,1
DA:82,1
DA:83,1
DA:84,1
DA:85,1
DA:86,1
DA:87,1
DA:88,1
DA:89,1
DA:90,1
DA:91,1
DA:92,1
DA:93,1
DA:94,1
DA:95,1
DA:96,1
DA:97,1
DA:98,1
DA:99,1
DA:100,1
DA:101,1
DA:102,1
DA:103,1
DA:104,1
DA:105,1
DA:106,1
DA:107,1
DA:108,1
DA:109,1
DA:110,1
DA:111,1
DA:112,1
DA:113,1
DA:114,1
DA:115,1
DA:116,1
DA:117,1
DA:118,1
DA:119,1
DA:120,1
DA:121,1
DA:122,1
LF:122
LH:122
BRF:0
BRH:0
end_of_record
TN:
SF:src\schemas\comic.schema.ts
FNF:0
FNH:0
DA:1,1
DA:2,1
DA:3,1
DA:4,1
DA:5,1
DA:6,1
DA:7,1
DA:8,1
DA:9,1
DA:10,1
DA:11,1
DA:12,1
DA:13,1
DA:14,1
DA:15,1
DA:16,1
DA:17,1
DA:18,1
DA:19,1
DA:20,1
DA:21,1
DA:22,1
DA:23,1
DA:24,1
DA:25,1
DA:26,1
DA:27,1
DA:28,1
DA:29,1
DA:30,1
DA:31,1
DA:32,1
DA:33,1
DA:34,1
DA:35,1
LF:35
LH:35
BRF:0
BRH:0
end_of_record
TN:
SF:src\schemas\creator.schema.ts
FNF:0
FNH:0
DA:1,1
DA:2,1
DA:3,1
DA:4,1
DA:5,1
DA:6,1
DA:7,1
DA:8,1
DA:9,1
DA:10,1
DA:11,1
DA:12,1
DA:13,1
DA:14,1
DA:15,1
DA:16,1
DA:17,1
DA:18,1
DA:19,1
DA:20,1
DA:21,1
DA:22,1
DA:23,1
DA:24,1
DA:25,1
DA:26,1
DA:27,1
DA:28,1
DA:29,1
DA:30,1
DA:31,1
DA:32,1
DA:33,1
DA:34,1
DA:35,1
DA:36,1
DA:37,1
DA:38,1
DA:39,1
DA:40,1
DA:41,1
DA:42,1
DA:43,1
DA:44,1
DA:45,1
DA:46,1
DA:47,1
LF:47
LH:47
BRF:0
BRH:0
end_of_record
TN:
SF:src\schemas\event.schema.ts
FNF:0
FNH:0
DA:1,1
DA:2,1
DA:3,1
DA:4,1
DA:5,1
DA:6,1
DA:7,1
DA:8,1
DA:9,1
DA:10,1
DA:11,1
DA:12,1
DA:13,1
DA:14,1
DA:15,1
DA:16,1
DA:17,1
DA:18,1
DA:19,1
DA:20,1
DA:21,1
DA:22,1
DA:23,1
DA:24,1
DA:25,1
DA:26,1
DA:27,1
DA:28,1
DA:29,1
DA:30,1
DA:31,1
DA:32,1
DA:33,1
DA:34,1
DA:35,1
DA:36,1
DA:37,1
DA:38,1
DA:39,1
DA:40,1
DA:41,1
DA:42,1
DA:43,1
DA:44,1
DA:45,1
DA:46,1
DA:47,1
DA:48,1
DA:49,1
DA:50,1
DA:51,1
DA:52,1
DA:53,1
DA:54,1
DA:55,1
DA:56,1
DA:57,1
DA:58,1
DA:59,1
DA:60,1
DA:61,1
DA:62,1
DA:63,1
DA:64,1
DA:65,1
DA:66,1
DA:67,1
DA:68,1
DA:69,1
DA:70,1
DA:71,1
DA:72,1
DA:73,1
DA:74,1
DA:75,1
DA:76,1
DA:77,1
DA:78,1
DA:79,1
DA:80,1
DA:81,1
DA:82,1
DA:83,1
DA:84,1
DA:85,1
DA:86,1
DA:87,1
DA:88,1
DA:89,1
DA:90,1
DA:91,1
DA:92,1
DA:93,1
DA:94,1
DA:95,1
DA:96,1
DA:97,1
DA:98,1
DA:99,1
DA:100,1
DA:101,1
DA:102,1
DA:103,1
DA:104,1
DA:105,1
DA:106,1
DA:107,1
DA:108,1
DA:109,1
DA:110,1
DA:111,1
DA:112,1
DA:113,1
DA:114,1
DA:115,1
DA:116,1
DA:117,1
DA:118,1
DA:119,1
DA:120,1
DA:121,1
DA:122,1
DA:123,1
DA:124,1
DA:125,1
DA:126,1
DA:127,1
DA:128,1
DA:129,1
DA:130,1
DA:131,1
DA:132,1
DA:133,1
DA:134,1
DA:135,1
DA:136,1
DA:137,1
DA:138,1
DA:139,1
DA:140,1
DA:141,1
DA:142,1
DA:143,1
DA:144,1
DA:145,1
DA:146,1
DA:147,1
DA:148,1
DA:149,1
DA:150,1
DA:151,1
DA:152,1
DA:153,1
DA:154,1
DA:155,1
DA:156,1
DA:157,1
DA:158,1
DA:159,1
DA:160,1
DA:161,1
DA:162,1
DA:163,1
DA:164,1
DA:165,1
DA:166,1
DA:167,1
DA:168,1
DA:169,1
DA:170,1
DA:171,1
DA:172,1
DA:173,1
DA:174,1
DA:175,1
DA:176,1
DA:177,1
DA:178,1
DA:179,1
DA:180,1
DA:181,1
DA:182,1
DA:183,1
DA:184,1
DA:185,1
DA:186,1
DA:187,1
DA:188,1
DA:189,1
DA:190,1
DA:191,1
DA:192,1
DA:193,1
DA:194,1
DA:195,1
DA:196,1
DA:197,1
DA:198,1
DA:199,1
DA:200,1
DA:201,1
DA:202,1
DA:203,1
DA:204,1
DA:205,1
DA:206,1
DA:207,1
DA:208,1
DA:209,1
DA:210,1
DA:211,1
DA:212,1
DA:213,1
DA:214,1
DA:215,1
DA:216,1
LF:216
LH:216
BRF:0
BRH:0
end_of_record
TN:
SF:src\services\character.service.ts
FN:9,CharacterService
FN:14,create
FN:45,getCharacterById
FN:67,getAllCharacters
FN:89,postCharacter
FN:123,patchCharacter
FN:166,deleteCharacter
FN:200,getMostComicCharacter
FN:217,getMostEventCharacter
FN:234,getMostSerieCharacter
FNF:10
FNH:10
FNDA:3,CharacterService
FNDA:1,create
FNDA:2,getCharacterById
FNDA:1,getAllCharacters
FNDA:2,postCharacter
FNDA:2,patchCharacter
FNDA:1,deleteCharacter
FNDA:1,getMostComicCharacter
FNDA:1,getMostEventCharacter
FNDA:1,getMostSerieCharacter
DA:1,1
DA:2,1
DA:3,1
DA:4,1
DA:5,1
DA:6,1
DA:7,1
DA:8,1
DA:9,3
DA:10,3
DA:11,3
DA:12,3
DA:13,3
DA:14,3
DA:15,1
DA:16,1
DA:17,1
DA:18,1
DA:19,1
DA:20,18
DA:21,18
DA:22,18
DA:23,0
DA:24,0
DA:25,0
DA:26,0
DA:27,0
DA:28,18
DA:29,18
DA:30,0
DA:31,18
DA:32,18
DA:33,1
DA:34,1
DA:35,1
DA:36,1
DA:37,1
DA:38,1
DA:39,0
DA:40,0
DA:41,0
DA:42,0
DA:43,0
DA:44,3
DA:45,3
DA:46,2
DA:47,2
DA:48,2
DA:49,0
DA:50,0
DA:51,0
DA:52,0
DA:53,1
DA:54,1
DA:55,1
DA:56,1
DA:57,1
DA:58,2
DA:59,2
DA:60,1
DA:61,1
DA:62,1
DA:63,1
DA:64,2
DA:65,2
DA:66,3
DA:67,3
DA:68,1
DA:69,1
DA:70,1
DA:71,0
DA:72,0
DA:73,0
DA:74,0
DA:75,1
DA:76,1
DA:77,1
DA:78,1
DA:79,1
DA:80,1
DA:81,1
DA:82,0
DA:83,0
DA:84,0
DA:85,0
DA:86,1
DA:87,1
DA:88,3
DA:89,3
DA:90,2
DA:91,2
DA:92,2
DA:93,1
DA:94,1
DA:95,1
DA:96,1
DA:97,1
DA:98,1
DA:99,1
DA:100,1
DA:101,1
DA:102,0
DA:103,0
DA:104,0
DA:105,0
DA:106,1
DA:107,1
DA:108,1
DA:109,1
DA:110,1
DA:111,1
DA:112,1
DA:113,1
DA:114,1
DA:115,0
DA:116,0
DA:117,0
DA:118,0
DA:119,0
DA:120,1
DA:121,1
DA:122,3
DA:123,3
DA:124,2
DA:125,2
DA:126,2
DA:127,2
DA:128,2
DA:129,1
DA:130,1
DA:131,1
DA:132,1
DA:133,1
DA:134,1
DA:135,1
DA:136,1
DA:137,1
DA:138,1
DA:139,1
DA:140,1
DA:141,1
DA:142,1
DA:143,1
DA:144,0
DA:145,0
DA:146,0
DA:147,0
DA:148,1
DA:149,1
DA:150,0
DA:151,0
DA:152,0
DA:153,0
DA:154,0
DA:155,0
DA:156,0
DA:157,0
DA:158,0
DA:159,0
DA:160,0
DA:161,0
DA:162,0
DA:163,0
DA:164,0
DA:165,3
DA:166,3
DA:167,1
DA:168,1
DA:169,1
DA:170,1
DA:171,1
DA:172,1
DA:173,1
DA:174,1
DA:175,1
DA:176,1
DA:177,1
DA:178,0
DA:179,0
DA:180,0
DA:181,0
DA:182,1
DA:183,1
DA:184,0
DA:185,0
DA:186,0
DA:187,0
DA:188,0
DA:189,0
DA:190,0
DA:191,0
DA:192,0
DA:193,0
DA:194,0
DA:195,0
DA:196,0
DA:197,0
DA:198,0
DA:199,3
DA:200,3
DA:201,1
DA:202,1
DA:203,1
DA:204,1
DA:205,1
DA:206,1
DA:207,1
DA:208,1
DA:209,1
DA:210,0
DA:211,0
DA:212,0
DA:213,0
DA:214,1
DA:215,1
DA:216,3
DA:217,3
DA:218,1
DA:219,1
DA:220,1
DA:221,1
DA:222,1
DA:223,1
DA:224,1
DA:225,1
DA:226,1
DA:227,0
DA:228,0
DA:229,0
DA:230,0
DA:231,1
DA:232,1
DA:233,3
DA:234,3
DA:235,1
DA:236,1
DA:237,1
DA:238,1
DA:239,1
DA:240,1
DA:241,1
DA:242,1
DA:243,1
DA:244,0
DA:245,0
DA:246,0
DA:247,0
DA:248,1
DA:249,1
DA:250,3
DA:251,3
DA:252,3
DA:253,3
DA:254,1
DA:255,1
LF:255
LH:173
BRDA:9,0,0,3
BRDA:14,1,0,1
BRDA:39,2,0,0
BRDA:19,3,0,18
BRDA:19,4,0,18
BRDA:21,5,0,18
BRDA:23,6,0,0
BRDA:45,7,0,2
BRDA:47,8,0,2
BRDA:48,9,0,0
BRDA:53,10,0,1
BRDA:59,11,0,1
BRDA:67,12,0,1
BRDA:69,13,0,1
BRDA:70,14,0,0
BRDA:89,15,0,2
BRDA:92,16,0,1
BRDA:101,17,0,0
BRDA:108,18,0,1
BRDA:123,19,0,2
BRDA:128,20,0,1
BRDA:150,21,0,0
BRDA:137,22,0,1
BRDA:166,23,0,1
BRDA:184,24,0,0
BRDA:171,25,0,1
BRDA:200,26,0,1
BRDA:203,27,0,1
BRDA:217,28,0,1
BRDA:220,29,0,1
BRDA:234,30,0,1
BRDA:237,31,0,1
BRF:32
BRH:25
end_of_record
TN:
SF:src\services\comic.service.ts
FN:16,ComicService
FN:26,createFromApi
FN:59,create
FN:87,getAllComics
FN:104,getComicByIds
FN:122,updateComicById
FN:175,deleteComic
FN:201,getNameOffAllComics
FN:212,getComicHighestNumberOfPages
FNF:9
FNH:8
FNDA:15,ComicService
FNDA:3,createFromApi
FNDA:6,create
FNDA:0,getAllComics
FNDA:8,getComicByIds
FNDA:3,updateComicById
FNDA:4,deleteComic
FNDA:3,getNameOffAllComics
FNDA:3,getComicHighestNumberOfPages
DA:1,1
DA:2,1
DA:3,1
DA:4,1
DA:5,1
DA:6,1
DA:7,1
DA:8,1
DA:9,1
DA:10,1
DA:11,1
DA:12,1
DA:13,1
DA:14,1
DA:15,1
DA:16,1
DA:17,15
DA:18,15
DA:19,15
DA:20,15
DA:21,15
DA:22,15
DA:23,15
DA:24,15
DA:25,1
DA:26,1
DA:27,3
DA:28,3
DA:29,3
DA:30,2
DA:31,22
DA:32,22
DA:33,22
DA:34,2
DA:35,2
DA:36,2
DA:37,0
DA:38,0
DA:39,22
DA:40,22
DA:41,0
DA:42,22
DA:43,22
DA:44,2
DA:45,2
DA:46,2
DA:47,2
DA:48,2
DA:49,2
DA:50,1
DA:51,1
DA:52,1
DA:53,1
DA:54,1
DA:55,1
DA:56,1
DA:57,1
DA:58,1
DA:59,1
DA:60,6
DA:61,6
DA:62,6
DA:63,1
DA:64,1
DA:65,1
DA:66,1
DA:67,1
DA:68,6
DA:69,5
DA:70,5
DA:71,5
DA:72,5
DA:73,5
DA:74,5
DA:75,5
DA:76,5
DA:77,5
DA:78,5
DA:79,0
DA:80,0
DA:81,0
DA:82,0
DA:83,0
DA:84,5
DA:85,5
DA:86,1
DA:87,1
DA:88,0
DA:89,0
DA:90,0
DA:91,0
DA:92,0
DA:93,0
DA:94,0
DA:95,0
DA:96,0
DA:97,0
DA:98,0
DA:99,0
DA:100,0
DA:101,0
DA:102,0
DA:103,1
DA:104,1
DA:105,8
DA:106,8
DA:107,8
DA:108,6
DA:109,6
DA:110,6
DA:111,6
DA:112,6
DA:113,6
DA:114,2
DA:115,2
DA:116,2
DA:117,2
DA:118,2
DA:119,8
DA:120,8
DA:121,1
DA:122,1
DA:123,3
DA:124,3
DA:125,0
DA:126,0
DA:127,0
DA:128,0
DA:129,0
DA:130,3
DA:131,3
DA:132,3
DA:133,0
DA:134,0
DA:135,0
DA:136,0
DA:137,0
DA:138,3
DA:139,3
DA:140,3
DA:141,3
DA:142,3
DA:143,0
DA:144,0
DA:145,0
DA:146,0
DA:147,0
DA:148,3
DA:149,3
DA:150,3
DA:151,3
DA:152,0
DA:153,0
DA:154,0
DA:155,0
DA:156,0
DA:157,3
DA:158,3
DA:159,3
DA:160,3
DA:161,2
DA:162,2
DA:163,2
DA:164,2
DA:165,3
DA:166,3
DA:167,1
DA:168,1
DA:169,1
DA:170,1
DA:171,3
DA:172,3
DA:173,1
DA:174,1
DA:175,1
DA:176,4
DA:177,4
DA:178,4
DA:179,4
DA:180,4
DA:181,4
DA:182,4
DA:183,4
DA:184,4
DA:185,4
DA:186,4
DA:187,4
DA:188,4
DA:189,0
DA:190,0
DA:191,4
DA:192,4
DA:193,4
DA:194,0
DA:195,0
DA:196,0
DA:197,0
DA:198,0
DA:199,0
DA:200,1
DA:201,1
DA:202,3
DA:203,3
DA:204,3
DA:205,3
DA:206,3
DA:207,3
DA:208,3
DA:209,3
DA:210,3
DA:211,1
DA:212,1
DA:213,3
DA:214,3
DA:215,3
DA:216,3
DA:217,2
DA:218,2
DA:219,23
DA:220,3
DA:221,3
DA:222,2
DA:223,2
DA:224,2
DA:225,2
DA:226,2
DA:227,2
DA:228,2
DA:229,2
DA:230,2
DA:231,2
DA:232,1
DA:233,1
DA:234,1
DA:235,1
DA:236,1
DA:237,1
DA:238,1
DA:239,1
DA:240,1
DA:241,1
DA:242,1
DA:243,1
LF:243
LH:192
BRDA:16,0,0,15
BRDA:26,1,0,3
BRDA:29,2,0,2
BRDA:50,3,0,1
BRDA:30,4,0,22
BRDA:30,5,0,22
BRDA:32,6,0,22
BRDA:33,7,0,20
BRDA:34,8,0,2
BRDA:36,9,0,0
BRDA:59,10,0,6
BRDA:62,11,0,1
BRDA:69,12,0,5
BRDA:71,13,0,5
BRDA:104,14,0,8
BRDA:106,15,0,8
BRDA:107,16,0,7
BRDA:107,17,0,6
BRDA:114,18,0,2
BRDA:122,19,0,3
BRDA:124,20,0,0
BRDA:132,21,0,0
BRDA:142,22,0,0
BRDA:151,23,0,0
BRDA:160,24,0,2
BRDA:166,25,0,1
BRDA:175,26,0,4
BRDA:194,27,0,0
BRDA:181,28,0,4
BRDA:201,29,0,3
BRDA:203,30,0,3
BRDA:212,31,0,3
BRDA:216,32,0,2
BRDA:232,33,0,1
BRDA:218,34,0,23
BRDA:219,35,0,3
BRDA:224,36,0,23
BRF:37
BRH:31
end_of_record
TN:
SF:src\services\creator.service.ts
FN:16,CreatorService
FN:24,createFromApi
FN:48,create
FN:89,deleteCreator
FN:112,updateCreator
FN:171,getCreatorByIds
FN:195,getAllCreators
FN:220,getCreatorWithTheMostCreations
FNF:8
FNH:8
FNDA:17,CreatorService
FNDA:3,createFromApi
FNDA:6,create
FNDA:4,deleteCreator
FNDA:4,updateCreator
FNDA:8,getCreatorByIds
FNDA:4,getAllCreators
FNDA:2,getCreatorWithTheMostCreations
DA:1,1
DA:2,1
DA:3,1
DA:4,1
DA:5,1
DA:6,1
DA:7,1
DA:8,1
DA:9,1
DA:10,1
DA:11,1
DA:12,1
DA:13,1
DA:14,1
DA:15,1
DA:16,1
DA:17,17
DA:18,17
DA:19,17
DA:20,17
DA:21,17
DA:22,17
DA:23,1
DA:24,1
DA:25,3
DA:26,3
DA:27,3
DA:28,2
DA:29,32
DA:30,32
DA:31,32
DA:32,2
DA:33,32
DA:34,32
DA:35,2
DA:36,2
DA:37,2
DA:38,2
DA:39,2
DA:40,2
DA:41,1
DA:42,1
DA:43,1
DA:44,1
DA:45,1
DA:46,1
DA:47,1
DA:48,1
DA:49,6
DA:50,6
DA:51,0
DA:52,0
DA:53,6
DA:54,6
DA:55,6
DA:56,6
DA:57,1
DA:58,1
DA:59,1
DA:60,1
DA:61,1
DA:62,6
DA:63,5
DA:64,5
DA:65,5
DA:66,5
DA:67,5
DA:68,5
DA:69,5
DA:70,5
DA:71,5
DA:72,5
DA:73,0
DA:74,0
DA:75,0
DA:76,0
DA:77,0
DA:78,5
DA:79,5
DA:80,6
DA:81,0
DA:82,0
DA:83,0
DA:84,0
DA:85,0
DA:86,6
DA:87,6
DA:88,1
DA:89,1
DA:90,4
DA:91,4
DA:92,4
DA:93,4
DA:94,4
DA:95,4
DA:96,4
DA:97,4
DA:98,4
DA:99,4
DA:100,4
DA:101,0
DA:102,0
DA:103,4
DA:104,4
DA:105,0
DA:106,0
DA:107,0
DA:108,0
DA:109,0
DA:110,0
DA:111,1
DA:112,1
DA:113,4
DA:114,4
DA:115,1
DA:116,1
DA:117,1
DA:118,1
DA:119,1
DA:120,3
DA:121,3
DA:122,3
DA:123,2
DA:124,2
DA:125,3
DA:126,3
DA:127,4
DA:128,1
DA:129,0
DA:130,0
DA:131,0
DA:132,0
DA:133,0
DA:134,1
DA:135,3
DA:136,3
DA:137,3
DA:138,1
DA:139,1
DA:140,1
DA:141,1
DA:142,1
DA:143,3
DA:144,2
DA:145,2
DA:146,2
DA:147,2
DA:148,0
DA:149,0
DA:150,0
DA:151,0
DA:152,0
DA:153,2
DA:154,2
DA:155,2
DA:156,2
DA:157,2
DA:158,2
DA:159,2
DA:160,2
DA:161,2
DA:162,2
DA:163,0
DA:164,0
DA:165,0
DA:166,0
DA:167,2
DA:168,2
DA:169,2
DA:170,1
DA:171,1
DA:172,8
DA:173,8
DA:174,8
DA:175,6
DA:176,6
DA:177,6
DA:178,6
DA:179,6
DA:180,6
DA:181,2
DA:182,2
DA:183,2
DA:184,2
DA:185,2
DA:186,8
DA:187,8
DA:188,0
DA:189,0
DA:190,0
DA:191,0
DA:192,8
DA:193,8
DA:194,1
DA:195,1
DA:196,4
DA:197,4
DA:198,3
DA:199,2
DA:200,2
DA:201,2
DA:202,2
DA:203,2
DA:204,2
DA:205,2
DA:206,1
DA:207,1
DA:208,1
DA:209,1
DA:210,1
DA:211,4
DA:212,4
DA:213,1
DA:214,1
DA:215,1
DA:216,1
DA:217,4
DA:218,4
DA:219,1
DA:220,1
DA:221,2
DA:222,2
DA:223,2
DA:224,2
DA:225,2
DA:226,2
DA:227,32
DA:228,32
DA:229,6
DA:230,6
DA:231,2
DA:232,2
DA:233,2
DA:234,2
DA:235,2
DA:236,32
DA:237,2
DA:238,2
DA:239,2
DA:240,2
DA:241,2
DA:242,2
DA:243,2
DA:244,2
DA:245,2
DA:246,2
DA:247,2
DA:248,2
DA:249,2
DA:250,2
DA:251,2
DA:252,2
DA:253,2
DA:254,0
DA:255,0
DA:256,0
DA:257,0
DA:258,0
DA:259,0
DA:260,0
DA:261,0
DA:262,0
DA:263,0
DA:264,0
DA:265,2
DA:266,1
DA:267,1
DA:268,1
LF:268
LH:219
BRDA:16,0,0,17
BRDA:24,1,0,3
BRDA:27,2,0,2
BRDA:41,3,0,1
BRDA:28,4,0,32
BRDA:28,5,0,32
BRDA:30,6,0,32
BRDA:31,7,0,30
BRDA:32,8,0,2
BRDA:48,9,0,6
BRDA:50,10,0,0
BRDA:56,11,0,1
BRDA:63,12,0,5
BRDA:80,13,0,0
BRDA:65,14,0,5
BRDA:89,15,0,4
BRDA:105,16,0,0
BRDA:93,17,0,4
BRDA:112,18,0,4
BRDA:114,19,0,1
BRDA:120,20,0,3
BRDA:122,21,0,2
BRDA:127,22,0,1
BRDA:128,23,0,0
BRDA:135,24,0,3
BRDA:137,25,0,1
BRDA:144,26,0,2
BRDA:147,27,0,0
BRDA:156,28,0,2
BRDA:171,29,0,8
BRDA:173,30,0,8
BRDA:174,31,0,7
BRDA:174,32,0,6
BRDA:181,33,0,2
BRDA:195,34,0,4
BRDA:197,35,0,3
BRDA:198,36,0,2
BRDA:206,37,0,1
BRDA:212,38,0,1
BRDA:220,39,0,2
BRDA:254,40,0,0
BRDA:226,41,0,32
BRDA:227,42,0,0
BRDA:227,43,0,0
BRDA:227,44,0,0
BRDA:228,45,0,6
BRDA:235,46,0,32
BRDA:236,47,0,0
BRDA:236,48,0,0
BRDA:236,49,0,0
BRDA:236,50,0,2
BRDA:240,51,0,0
BRDA:241,52,0,0
BRDA:242,53,0,0
BRF:54
BRH:39
end_of_record
TN:
SF:src\services\event.service.ts
FN:8,EventService
FN:12,create
FNF:2
FNH:1
FNDA:3,EventService
FNDA:0,create
DA:1,1
DA:2,1
DA:3,1
DA:4,1
DA:5,1
DA:6,1
DA:7,1
DA:8,3
DA:9,3
DA:10,3
DA:11,3
DA:12,3
DA:13,0
DA:14,0
DA:15,0
DA:16,0
DA:17,0
DA:18,0
DA:19,0
DA:20,0
DA:21,0
DA:22,0
DA:23,0
DA:24,0
DA:25,0
DA:26,0
DA:27,0
DA:28,0
DA:29,0
DA:30,0
DA:31,0
DA:32,0
DA:33,0
DA:34,0
DA:35,0
DA:36,0
DA:37,0
DA:38,0
DA:39,0
DA:40,0
DA:41,0
DA:42,0
DA:43,0
DA:44,0
DA:45,0
DA:46,0
DA:47,0
DA:48,3
DA:49,3
DA:50,1
DA:51,1
LF:51
LH:16
BRDA:8,0,0,3
BRF:1
BRH:1
end_of_record
TN:
SF:src\useApi\marvel.useapi.ts
FN:11,MarvelApi
FN:14,generateApi
FN:20,getCreatorsByEvent
FN:78,getComicsByEvent
FN:113,getCharactersByEvent
FN:125,getComicsByCharacter
FN:137,getCharacterById
FN:149,getAllCharacters
FNF:8
FNH:5
FNDA:14,MarvelApi
FNDA:3,generateApi
FNDA:1,getCreatorsByEvent
FNDA:1,getComicsByEvent
FNDA:1,getCharactersByEvent
FNDA:0,getComicsByCharacter
FNDA:0,getCharacterById
FNDA:0,getAllCharacters
DA:1,1
DA:2,1
DA:3,1
DA:4,1
DA:5,1
DA:6,1
DA:7,1
DA:8,1
DA:9,1
DA:10,1
DA:11,14
DA:12,14
DA:13,14
DA:14,14
DA:15,3
DA:16,3
DA:17,3
DA:18,3
DA:19,14
DA:20,14
DA:21,1
DA:22,1
DA:23,1
DA:24,1
DA:25,1
DA:26,1
DA:27,1
DA:28,1
DA:29,1
DA:30,1
DA:31,30
DA:32,30
DA:33,30
DA:34,30
DA:35,30
DA:36,0
DA:37,0
DA:38,0
DA:39,0
DA:40,0
DA:41,30
DA:42,30
DA:43,30
DA:44,30
DA:45,600
DA:46,600
DA:47,600
DA:48,600
DA:49,600
DA:50,600
DA:51,600
DA:52,600
DA:53,30
DA:54,30
DA:55,30
DA:56,30
DA:57,30
DA:58,30
DA:59,30
DA:60,30
DA:61,30
DA:62,30
DA:63,30
DA:64,30
DA:65,30
DA:66,30
DA:67,1
DA:68,1
DA:69,1
DA:70,0
DA:71,1
DA:72,1
DA:73,0
DA:74,0
DA:75,0
DA:76,1
DA:77,14
DA:78,14
DA:79,1
DA:80,1
DA:81,1
DA:82,1
DA:83,1
DA:84,1
DA:85,1
DA:86,1
DA:87,1
DA:88,20
DA:89,20
DA:90,20
DA:91,20
DA:92,20
DA:93,20
DA:94,20
DA:95,20
DA:96,20
DA:97,20
DA:98,20
DA:99,20
DA:100,1
DA:101,1
DA:102,1
DA:103,0
DA:104,0
DA:105,0
DA:106,1
DA:107,1
DA:108,0
DA:109,0
DA:110,0
DA:111,1
DA:112,14
DA:113,14
DA:114,1
DA:115,1
DA:116,1
DA:117,1
DA:118,1
DA:119,1
DA:120,0
DA:121,0
DA:122,1
DA:123,1
DA:124,14
DA:125,14
DA:126,0
DA:127,0
DA:128,0
DA:129,0
DA:130,0
DA:131,0
DA:132,0
DA:133,0
DA:134,0
DA:135,0
DA:136,14
DA:137,14
DA:138,0
DA:139,0
DA:140,0
DA:141,0
DA:142,0
DA:143,0
DA:144,0
DA:145,0
DA:146,0
DA:147,0
DA:148,14
DA:149,14
DA:150,0
DA:151,0
DA:152,0
DA:153,0
DA:154,0
DA:155,0
DA:156,0
DA:157,0
DA:158,0
DA:159,0
DA:160,14
DA:161,14
DA:162,14
LF:162
LH:115
BRDA:11,0,0,14
BRDA:14,1,0,3
BRDA:16,2,0,0
BRDA:20,3,0,1
BRDA:72,4,0,0
BRDA:23,5,0,1
BRDA:23,6,0,1
BRDA:30,7,0,30
BRDA:35,8,0,0
BRDA:70,9,0,0
BRDA:44,10,0,600
BRDA:78,11,0,1
BRDA:107,12,0,0
BRDA:81,13,0,1
BRDA:81,14,0,1
BRDA:87,15,0,20
BRDA:93,16,0,2
BRDA:93,17,0,18
BRDA:103,18,0,0
BRDA:113,19,0,1
BRDA:115,20,0,1
BRDA:115,21,0,1
BRDA:117,22,0,0
BRF:23
BRH:16
end_of_record
TN:
SF:src\utils\md5.ts
FN:4,encrypt
FNF:1
FNH:1
FNDA:3,encrypt
DA:1,1
DA:2,1
DA:3,1
DA:4,1
DA:5,3
DA:6,3
DA:7,1
LF:7
LH:7
BRDA:4,0,0,3
BRF:1
BRH:1
end_of_record
TN:
SF:src\utils\service-data.ts
FN:7,ServiceMetaData
FN:17,ServiceData
FNF:2
FNH:2
FNDA:73,ServiceMetaData
FNDA:73,ServiceData
DA:1,1
DA:2,1
DA:3,1
DA:4,1
DA:5,1
DA:6,1
DA:7,1
DA:8,73
DA:9,73
DA:10,73
DA:11,1
DA:12,1
DA:13,1
DA:14,1
DA:15,1
DA:16,1
DA:17,1
DA:18,73
DA:19,73
DA:20,73
DA:21,1
LF:21
LH:21
BRDA:7,0,0,73
BRDA:17,1,0,73
BRF:2
BRH:2
end_of_record
TN:
SF:src\utils\standardize-data.ts
FN:1,StandardizeData
FN:52,StandardizeData.standardizePostCharacter
FN:2,standardize
FN:139,standardizePatchCharacter
FN:142,isValidString
FN:144,isValidNumber
FNF:6
FNH:6
FNDA:3,StandardizeData
FNDA:2,StandardizeData.standardizePostCharacter
FNDA:1,standardize
FNDA:2,standardizePatchCharacter
FNDA:24,isValidString
FNDA:8,isValidNumber
DA:1,3
DA:2,3
DA:3,1
DA:4,18
DA:5,18
DA:6,18
DA:7,18
DA:8,18
DA:9,18
DA:10,18
DA:11,360
DA:12,360
DA:13,360
DA:14,18
DA:15,18
DA:16,18
DA:17,18
DA:18,18
DA:19,360
DA:20,360
DA:21,360
DA:22,18
DA:23,18
DA:24,18
DA:25,18
DA:26,18
DA:27,360
DA:28,360
DA:29,360
DA:30,18
DA:31,18
DA:32,18
DA:33,18
DA:34,18
DA:35,241
DA:36,241
DA:37,241
DA:38,18
DA:39,18
DA:40,18
DA:41,18
DA:42,18
DA:43,18
DA:44,18
DA:45,18
DA:46,18
DA:47,18
DA:48,18
DA:49,1
DA:50,1
DA:51,3
DA:52,3
DA:53,2
DA:54,2
DA:55,2
DA:56,2
DA:57,1
DA:58,1
DA:59,2
DA:60,0
DA:61,0
DA:62,2
DA:63,0
DA:64,0
DA:65,2
DA:66,0
DA:67,0
DA:68,2
DA:69,2
DA:70,0
DA:71,0
DA:72,2
DA:73,0
DA:74,2
DA:75,2
DA:76,4
DA:77,0
DA:78,0
DA:79,2
DA:80,2
DA:81,2
DA:82,2
DA:83,0
DA:84,0
DA:85,2
DA:86,0
DA:87,2
DA:88,2
DA:89,2
DA:90,0
DA:91,0
DA:92,2
DA:93,2
DA:94,2
DA:95,2
DA:96,0
DA:97,0
DA:98,2
DA:99,0
DA:100,2
DA:101,2
DA:102,2
DA:103,0
DA:104,0
DA:105,2
DA:106,0
DA:107,0
DA:108,2
DA:109,2
DA:110,2
DA:111,2
DA:112,0
DA:113,0
DA:114,2
DA:115,0
DA:116,2
DA:117,2
DA:118,2
DA:119,0
DA:120,0
DA:121,2
DA:122,2
DA:123,2
DA:124,2
DA:125,0
DA:126,2
DA:127,2
DA:128,4
DA:129,0
DA:130,0
DA:131,4
DA:132,0
DA:133,0
DA:134,2
DA:135,2
DA:136,2
DA:137,2
DA:138,3
DA:139,3
DA:140,2
DA:141,2
DA:142,2
DA:143,2
DA:144,2
DA:145,2
DA:146,2
DA:147,0
DA:148,0
DA:149,2
DA:150,2
DA:151,0
DA:152,0
DA:153,2
DA:154,2
DA:155,0
DA:156,0
DA:157,2
DA:158,2
DA:159,1
DA:160,1
DA:161,2
DA:162,2
DA:163,2
DA:164,4
DA:165,0
DA:166,0
DA:167,4
DA:168,1
DA:169,1
DA:170,2
DA:171,2
DA:172,0
DA:173,0
DA:174,2
DA:175,2
DA:176,0
DA:177,0
DA:178,2
DA:179,2
DA:180,2
DA:181,2
DA:182,0
DA:183,0
DA:184,2
DA:185,0
DA:186,0
DA:187,2
DA:188,2
DA:189,0
DA:190,0
DA:191,2
DA:192,2
DA:193,0
DA:194,0
DA:195,2
DA:196,2
DA:197,2
DA:198,2
DA:199,0
DA:200,0
DA:201,2
DA:202,0
DA:203,0
DA:204,2
DA:205,0
DA:206,0
DA:207,2
DA:208,2
DA:209,0
DA:210,0
DA:211,2
DA:212,2
DA:213,1
DA:214,1
DA:215,2
DA:216,2
DA:217,2
DA:218,2
DA:219,0
DA:220,0
DA:221,2
DA:222,1
DA:223,1
DA:224,2
DA:225,2
DA:226,0
DA:227,0
DA:228,2
DA:229,2
DA:230,2
DA:231,2
DA:232,4
DA:233,0
DA:234,0
DA:235,4
DA:236,0
DA:237,0
DA:238,2
DA:239,2
DA:240,0
DA:241,0
DA:242,2
DA:243,2
DA:244,3
DA:245,3
LF:245
LH:174
BRDA:1,0,0,3
BRDA:52,1,0,2
BRDA:56,2,0,1
BRDA:59,3,0,0
BRDA:62,4,0,0
BRDA:65,5,0,0
BRDA:69,6,0,0
BRDA:72,7,0,0
BRDA:72,8,0,0
BRDA:82,9,0,0
BRDA:85,10,0,0
BRDA:85,11,0,0
BRDA:95,12,0,0
BRDA:98,13,0,0
BRDA:98,14,0,0
BRDA:111,15,0,0
BRDA:114,16,0,0
BRDA:114,17,0,0
BRDA:124,18,0,0
BRDA:75,19,0,4
BRDA:76,20,0,0
BRDA:88,21,0,2
BRDA:89,22,0,0
BRDA:101,23,0,2
BRDA:102,24,0,0
BRDA:105,25,0,0
BRDA:117,26,0,2
BRDA:118,27,0,0
BRDA:127,28,0,4
BRDA:128,29,0,0
BRDA:131,30,0,0
BRDA:2,31,0,1
BRDA:3,32,0,18
BRDA:10,33,0,360
BRDA:18,34,0,360
BRDA:26,35,0,360
BRDA:34,36,0,241
BRDA:139,37,0,2
BRDA:146,38,0,0
BRDA:150,39,0,0
BRDA:154,40,0,0
BRDA:158,41,0,1
BRDA:162,42,0,0
BRDA:171,43,0,0
BRDA:175,44,0,0
BRDA:179,45,0,0
BRDA:188,46,0,0
BRDA:192,47,0,0
BRDA:196,48,0,0
BRDA:208,49,0,0
BRDA:212,50,0,1
BRDA:216,51,0,0
BRDA:225,52,0,0
BRDA:239,53,0,0
BRDA:142,54,0,24
BRDA:142,55,0,22
BRDA:144,56,0,8
BRDA:144,57,0,6
BRDA:163,58,0,4
BRDA:164,59,0,0
BRDA:164,60,0,0
BRDA:167,61,0,1
BRDA:180,62,0,2
BRDA:181,63,0,0
BRDA:181,64,0,0
BRDA:184,65,0,0
BRDA:197,66,0,2
BRDA:198,67,0,0
BRDA:198,68,0,0
BRDA:201,69,0,0
BRDA:204,70,0,0
BRDA:217,71,0,2
BRDA:218,72,0,0
BRDA:218,73,0,0
BRDA:221,74,0,1
BRDA:231,75,0,4
BRDA:232,76,0,0
BRDA:235,77,0,0
BRF:78
BRH:28
end_of_record
TN:
SF:src\utils\validate-fields.ts
FN:4,validateEmail
FN:9,validatePassword
FN:17,validateDate
FN:35,validateUrl
FN:40,validateStatus
FN:45,validateHexColor
FN:50,validateEmptyString
FNF:7
FNH:0
FNDA:0,validateEmail
FNDA:0,validatePassword
FNDA:0,validateDate
FNDA:0,validateUrl
FNDA:0,validateStatus
FNDA:0,validateHexColor
FNDA:0,validateEmptyString
DA:1,1
DA:2,1
DA:3,1
DA:4,1
DA:5,0
DA:6,0
DA:7,0
DA:8,1
DA:9,1
DA:10,0
DA:11,0
DA:12,0
DA:13,0
DA:14,0
DA:15,0
DA:16,1
DA:17,1
DA:18,0
DA:19,0
DA:20,0
DA:21,0
DA:22,0
DA:23,0
DA:24,0
DA:25,0
DA:26,0
DA:27,0
DA:28,0
DA:29,0
DA:30,0
DA:31,0
DA:32,0
DA:33,0
DA:34,1
DA:35,1
DA:36,0
DA:37,0
DA:38,0
DA:39,1
DA:40,1
DA:41,0
DA:42,0
DA:43,0
DA:44,1
DA:45,1
DA:46,0
DA:47,0
DA:48,0
DA:49,1
DA:50,1
DA:51,0
DA:52,0
DA:53,0
DA:54,1
LF:54
LH:17
BRF:0
BRH:0
end_of_record
